{"/Users/soren-n/Documents/workspace/vibe/.eslintrc.release.js": {"path":"/Users/soren-n/Documents/workspace/vibe/.eslintrc.release.js","all":true,"statementMap":{"0":{"start":{"line":1,"column":0},"end":{"line":1,"column":28}},"1":{"start":{"line":2,"column":0},"end":{"line":2,"column":56}},"2":{"start":{"line":3,"column":0},"end":{"line":3,"column":49}},"4":{"start":{"line":5,"column":0},"end":{"line":5,"column":16}},"5":{"start":{"line":6,"column":0},"end":{"line":6,"column":25}},"6":{"start":{"line":7,"column":0},"end":{"line":7,"column":3}},"7":{"start":{"line":8,"column":0},"end":{"line":8,"column":35}},"8":{"start":{"line":9,"column":0},"end":{"line":9,"column":22}},"9":{"start":{"line":10,"column":0},"end":{"line":10,"column":23}},"10":{"start":{"line":11,"column":0},"end":{"line":11,"column":22}},"11":{"start":{"line":12,"column":0},"end":{"line":12,"column":26}},"12":{"start":{"line":13,"column":0},"end":{"line":13,"column":29}},"13":{"start":{"line":14,"column":0},"end":{"line":14,"column":8}},"14":{"start":{"line":15,"column":0},"end":{"line":15,"column":6}},"15":{"start":{"line":16,"column":0},"end":{"line":16,"column":14}},"16":{"start":{"line":17,"column":0},"end":{"line":17,"column":37}},"17":{"start":{"line":18,"column":0},"end":{"line":18,"column":6}},"18":{"start":{"line":19,"column":0},"end":{"line":19,"column":12}},"19":{"start":{"line":20,"column":0},"end":{"line":20,"column":41}},"20":{"start":{"line":21,"column":0},"end":{"line":21,"column":49}},"21":{"start":{"line":22,"column":0},"end":{"line":22,"column":50}},"22":{"start":{"line":23,"column":0},"end":{"line":23,"column":60}},"23":{"start":{"line":24,"column":0},"end":{"line":24,"column":64}},"24":{"start":{"line":25,"column":0},"end":{"line":25,"column":56}},"26":{"start":{"line":27,"column":0},"end":{"line":27,"column":28}},"27":{"start":{"line":28,"column":0},"end":{"line":28,"column":52}},"28":{"start":{"line":29,"column":0},"end":{"line":29,"column":26}},"29":{"start":{"line":30,"column":0},"end":{"line":30,"column":29}},"30":{"start":{"line":31,"column":0},"end":{"line":31,"column":26}},"31":{"start":{"line":32,"column":0},"end":{"line":32,"column":24}},"32":{"start":{"line":33,"column":0},"end":{"line":33,"column":6}},"33":{"start":{"line":34,"column":0},"end":{"line":34,"column":4}},"34":{"start":{"line":35,"column":0},"end":{"line":35,"column":3}},"35":{"start":{"line":36,"column":0},"end":{"line":36,"column":14}},"36":{"start":{"line":37,"column":0},"end":{"line":37,"column":24}},"37":{"start":{"line":38,"column":0},"end":{"line":38,"column":16}},"38":{"start":{"line":39,"column":0},"end":{"line":39,"column":20}},"39":{"start":{"line":40,"column":0},"end":{"line":40,"column":16}},"40":{"start":{"line":41,"column":0},"end":{"line":41,"column":17}},"41":{"start":{"line":42,"column":0},"end":{"line":42,"column":5}},"42":{"start":{"line":43,"column":0},"end":{"line":43,"column":3}},"43":{"start":{"line":44,"column":0},"end":{"line":44,"column":2}}},"s":{"0":0,"1":0,"2":0,"4":0,"5":0,"6":0,"7":0,"8":0,"9":0,"10":0,"11":0,"12":0,"13":0,"14":0,"15":0,"16":0,"17":0,"18":0,"19":0,"20":0,"21":0,"22":0,"23":0,"24":0,"26":0,"27":0,"28":0,"29":0,"30":0,"31":0,"32":0,"33":0,"34":0,"35":0,"36":0,"37":0,"38":0,"39":0,"40":0,"41":0,"42":0,"43":0},"branchMap":{"0":{"type":"branch","line":1,"loc":{"start":{"line":1,"column":1095},"end":{"line":44,"column":2}},"locations":[{"start":{"line":1,"column":1095},"end":{"line":44,"column":2}}]}},"b":{"0":[0]},"fnMap":{"0":{"name":"(empty-report)","decl":{"start":{"line":1,"column":1095},"end":{"line":44,"column":2}},"loc":{"start":{"line":1,"column":1095},"end":{"line":44,"column":2}},"line":1}},"f":{"0":0}}
,"/Users/soren-n/Documents/workspace/vibe/eslint.config.mjs": {"path":"/Users/soren-n/Documents/workspace/vibe/eslint.config.mjs","all":true,"statementMap":{"0":{"start":{"line":1,"column":0},"end":{"line":1,"column":12}},"2":{"start":{"line":3,"column":0},"end":{"line":3,"column":32}},"3":{"start":{"line":4,"column":0},"end":{"line":4,"column":41}},"5":{"start":{"line":6,"column":0},"end":{"line":6,"column":31}},"6":{"start":{"line":7,"column":0},"end":{"line":7,"column":36}},"7":{"start":{"line":8,"column":0},"end":{"line":8,"column":29}},"8":{"start":{"line":9,"column":0},"end":{"line":9,"column":26}},"9":{"start":{"line":10,"column":0},"end":{"line":10,"column":29}},"11":{"start":{"line":12,"column":0},"end":{"line":12,"column":35}},"12":{"start":{"line":13,"column":0},"end":{"line":13,"column":3}},"13":{"start":{"line":14,"column":0},"end":{"line":14,"column":22}},"14":{"start":{"line":15,"column":0},"end":{"line":15,"column":24}},"15":{"start":{"line":16,"column":0},"end":{"line":16,"column":27}},"16":{"start":{"line":17,"column":0},"end":{"line":17,"column":22}},"17":{"start":{"line":18,"column":0},"end":{"line":18,"column":29}},"18":{"start":{"line":19,"column":0},"end":{"line":19,"column":45}},"19":{"start":{"line":20,"column":0},"end":{"line":20,"column":8}},"20":{"start":{"line":21,"column":0},"end":{"line":21,"column":6}},"22":{"start":{"line":23,"column":0},"end":{"line":23,"column":12}},"23":{"start":{"line":24,"column":0},"end":{"line":24,"column":27}},"24":{"start":{"line":25,"column":0},"end":{"line":25,"column":30}},"25":{"start":{"line":26,"column":0},"end":{"line":26,"column":30}},"26":{"start":{"line":27,"column":0},"end":{"line":27,"column":54}},"27":{"start":{"line":28,"column":0},"end":{"line":28,"column":32}},"28":{"start":{"line":29,"column":0},"end":{"line":29,"column":32}},"29":{"start":{"line":30,"column":0},"end":{"line":30,"column":39}},"30":{"start":{"line":31,"column":0},"end":{"line":31,"column":9}},"32":{"start":{"line":33,"column":0},"end":{"line":33,"column":78}},"33":{"start":{"line":34,"column":0},"end":{"line":34,"column":81}},"34":{"start":{"line":35,"column":0},"end":{"line":35,"column":95}},"35":{"start":{"line":36,"column":0},"end":{"line":36,"column":87}},"36":{"start":{"line":37,"column":0},"end":{"line":37,"column":91}},"37":{"start":{"line":38,"column":0},"end":{"line":38,"column":58}},"39":{"start":{"line":40,"column":0},"end":{"line":40,"column":28}},"40":{"start":{"line":41,"column":0},"end":{"line":41,"column":65}},"42":{"start":{"line":43,"column":0},"end":{"line":43,"column":70}},"43":{"start":{"line":44,"column":0},"end":{"line":44,"column":47}},"44":{"start":{"line":45,"column":0},"end":{"line":45,"column":45}},"45":{"start":{"line":46,"column":0},"end":{"line":46,"column":9}},"46":{"start":{"line":47,"column":0},"end":{"line":47,"column":35}},"47":{"start":{"line":48,"column":0},"end":{"line":48,"column":46}},"48":{"start":{"line":49,"column":0},"end":{"line":49,"column":37}},"49":{"start":{"line":50,"column":0},"end":{"line":50,"column":10}},"50":{"start":{"line":51,"column":0},"end":{"line":51,"column":9}},"51":{"start":{"line":52,"column":0},"end":{"line":52,"column":31}},"52":{"start":{"line":53,"column":0},"end":{"line":53,"column":33}},"53":{"start":{"line":54,"column":0},"end":{"line":54,"column":10}},"54":{"start":{"line":55,"column":0},"end":{"line":55,"column":9}},"55":{"start":{"line":56,"column":0},"end":{"line":56,"column":33}},"56":{"start":{"line":57,"column":0},"end":{"line":57,"column":33}},"57":{"start":{"line":58,"column":0},"end":{"line":58,"column":32}},"58":{"start":{"line":59,"column":0},"end":{"line":59,"column":74}},"59":{"start":{"line":60,"column":0},"end":{"line":60,"column":10}},"60":{"start":{"line":61,"column":0},"end":{"line":61,"column":8}},"62":{"start":{"line":63,"column":0},"end":{"line":63,"column":45}},"63":{"start":{"line":64,"column":0},"end":{"line":64,"column":79}},"64":{"start":{"line":65,"column":0},"end":{"line":65,"column":119}},"65":{"start":{"line":66,"column":0},"end":{"line":66,"column":93}},"67":{"start":{"line":68,"column":0},"end":{"line":68,"column":46}},"68":{"start":{"line":69,"column":0},"end":{"line":69,"column":54}},"69":{"start":{"line":70,"column":0},"end":{"line":70,"column":45}},"70":{"start":{"line":71,"column":0},"end":{"line":71,"column":66}},"71":{"start":{"line":72,"column":0},"end":{"line":72,"column":52}},"72":{"start":{"line":73,"column":0},"end":{"line":73,"column":37}},"73":{"start":{"line":74,"column":0},"end":{"line":74,"column":45}},"75":{"start":{"line":76,"column":0},"end":{"line":76,"column":50}},"76":{"start":{"line":77,"column":0},"end":{"line":77,"column":47}},"77":{"start":{"line":78,"column":0},"end":{"line":78,"column":48}},"78":{"start":{"line":79,"column":0},"end":{"line":79,"column":41}},"79":{"start":{"line":80,"column":0},"end":{"line":80,"column":41}},"80":{"start":{"line":81,"column":0},"end":{"line":81,"column":39}},"81":{"start":{"line":82,"column":0},"end":{"line":82,"column":6}},"82":{"start":{"line":83,"column":0},"end":{"line":83,"column":4}},"84":{"start":{"line":85,"column":0},"end":{"line":85,"column":28}},"85":{"start":{"line":86,"column":0},"end":{"line":86,"column":3}},"86":{"start":{"line":87,"column":0},"end":{"line":87,"column":64}},"87":{"start":{"line":88,"column":0},"end":{"line":88,"column":12}},"88":{"start":{"line":89,"column":0},"end":{"line":89,"column":40}},"89":{"start":{"line":90,"column":0},"end":{"line":90,"column":51}},"90":{"start":{"line":91,"column":0},"end":{"line":91,"column":57}},"91":{"start":{"line":92,"column":0},"end":{"line":92,"column":64}},"92":{"start":{"line":93,"column":0},"end":{"line":93,"column":6}},"93":{"start":{"line":94,"column":0},"end":{"line":94,"column":4}},"95":{"start":{"line":96,"column":0},"end":{"line":96,"column":20}},"96":{"start":{"line":97,"column":0},"end":{"line":97,"column":3}},"97":{"start":{"line":98,"column":0},"end":{"line":98,"column":14}},"98":{"start":{"line":99,"column":0},"end":{"line":99,"column":14}},"99":{"start":{"line":100,"column":0},"end":{"line":100,"column":18}},"100":{"start":{"line":101,"column":0},"end":{"line":101,"column":22}},"101":{"start":{"line":102,"column":0},"end":{"line":102,"column":13}},"102":{"start":{"line":103,"column":0},"end":{"line":103,"column":26}},"103":{"start":{"line":104,"column":0},"end":{"line":104,"column":26}},"104":{"start":{"line":105,"column":0},"end":{"line":105,"column":20}},"105":{"start":{"line":106,"column":0},"end":{"line":106,"column":23}},"106":{"start":{"line":107,"column":0},"end":{"line":107,"column":21}},"107":{"start":{"line":108,"column":0},"end":{"line":108,"column":15}},"108":{"start":{"line":109,"column":0},"end":{"line":109,"column":17}},"109":{"start":{"line":110,"column":0},"end":{"line":110,"column":15}},"110":{"start":{"line":111,"column":0},"end":{"line":111,"column":16}},"111":{"start":{"line":112,"column":0},"end":{"line":112,"column":23}},"112":{"start":{"line":113,"column":0},"end":{"line":113,"column":6}},"113":{"start":{"line":114,"column":0},"end":{"line":114,"column":3}},"114":{"start":{"line":115,"column":0},"end":{"line":115,"column":2}}},"s":{"0":0,"2":0,"3":0,"5":0,"6":0,"7":0,"8":0,"9":0,"11":0,"12":0,"13":0,"14":0,"15":0,"16":0,"17":0,"18":0,"19":0,"20":0,"22":0,"23":0,"24":0,"25":0,"26":0,"27":0,"28":0,"29":0,"30":0,"32":0,"33":0,"34":0,"35":0,"36":0,"37":0,"39":0,"40":0,"42":0,"43":0,"44":0,"45":0,"46":0,"47":0,"48":0,"49":0,"50":0,"51":0,"52":0,"53":0,"54":0,"55":0,"56":0,"57":0,"58":0,"59":0,"60":0,"62":0,"63":0,"64":0,"65":0,"67":0,"68":0,"69":0,"70":0,"71":0,"72":0,"73":0,"75":0,"76":0,"77":0,"78":0,"79":0,"80":0,"81":0,"82":0,"84":0,"85":0,"86":0,"87":0,"88":0,"89":0,"90":0,"91":0,"92":0,"93":0,"95":0,"96":0,"97":0,"98":0,"99":0,"100":0,"101":0,"102":0,"103":0,"104":0,"105":0,"106":0,"107":0,"108":0,"109":0,"110":0,"111":0,"112":0,"113":0,"114":0},"branchMap":{"0":{"type":"branch","line":1,"loc":{"start":{"line":1,"column":3603},"end":{"line":115,"column":2}},"locations":[{"start":{"line":1,"column":3603},"end":{"line":115,"column":2}}]}},"b":{"0":[0]},"fnMap":{"0":{"name":"(empty-report)","decl":{"start":{"line":1,"column":3603},"end":{"line":115,"column":2}},"loc":{"start":{"line":1,"column":3603},"end":{"line":115,"column":2}},"line":1}},"f":{"0":0}}
,"/Users/soren-n/Documents/workspace/vibe/vitest.config.ts": {"path":"/Users/soren-n/Documents/workspace/vibe/vitest.config.ts","all":true,"statementMap":{"0":{"start":{"line":1,"column":0},"end":{"line":1,"column":45}},"2":{"start":{"line":3,"column":0},"end":{"line":3,"column":29}},"3":{"start":{"line":4,"column":0},"end":{"line":4,"column":9}},"4":{"start":{"line":5,"column":0},"end":{"line":5,"column":18}},"5":{"start":{"line":6,"column":0},"end":{"line":6,"column":24}},"6":{"start":{"line":7,"column":0},"end":{"line":7,"column":36}},"7":{"start":{"line":8,"column":0},"end":{"line":8,"column":15}},"8":{"start":{"line":9,"column":0},"end":{"line":9,"column":21}},"9":{"start":{"line":10,"column":0},"end":{"line":10,"column":41}},"10":{"start":{"line":11,"column":0},"end":{"line":11,"column":16}},"11":{"start":{"line":12,"column":0},"end":{"line":12,"column":24}},"12":{"start":{"line":13,"column":0},"end":{"line":13,"column":16}},"13":{"start":{"line":14,"column":0},"end":{"line":14,"column":20}},"14":{"start":{"line":15,"column":0},"end":{"line":15,"column":17}},"15":{"start":{"line":16,"column":0},"end":{"line":16,"column":20}},"16":{"start":{"line":17,"column":0},"end":{"line":17,"column":28}},"17":{"start":{"line":18,"column":0},"end":{"line":18,"column":19}},"18":{"start":{"line":19,"column":0},"end":{"line":19,"column":8}},"19":{"start":{"line":20,"column":0},"end":{"line":20,"column":6}},"20":{"start":{"line":21,"column":0},"end":{"line":21,"column":16}},"21":{"start":{"line":22,"column":0},"end":{"line":22,"column":20}},"22":{"start":{"line":23,"column":0},"end":{"line":23,"column":6}},"23":{"start":{"line":24,"column":0},"end":{"line":24,"column":4}},"24":{"start":{"line":25,"column":0},"end":{"line":25,"column":3}}},"s":{"0":0,"2":0,"3":0,"4":0,"5":0,"6":0,"7":0,"8":0,"9":0,"10":0,"11":0,"12":0,"13":0,"14":0,"15":0,"16":0,"17":0,"18":0,"19":0,"20":0,"21":0,"22":0,"23":0,"24":0},"branchMap":{"0":{"type":"branch","line":1,"loc":{"start":{"line":1,"column":485},"end":{"line":25,"column":3}},"locations":[{"start":{"line":1,"column":485},"end":{"line":25,"column":3}}]}},"b":{"0":[0]},"fnMap":{"0":{"name":"(empty-report)","decl":{"start":{"line":1,"column":485},"end":{"line":25,"column":3}},"loc":{"start":{"line":1,"column":485},"end":{"line":25,"column":3}},"line":1}},"f":{"0":0}}
,"/Users/soren-n/Documents/workspace/vibe/src/analyzer.ts": {"path":"/Users/soren-n/Documents/workspace/vibe/src/analyzer.ts","all":false,"statementMap":{"6":{"start":{"line":7,"column":0},"end":{"line":7,"column":66}},"13":{"start":{"line":14,"column":0},"end":{"line":14,"column":29}},"14":{"start":{"line":15,"column":0},"end":{"line":15,"column":33}},"15":{"start":{"line":16,"column":0},"end":{"line":16,"column":49}},"16":{"start":{"line":17,"column":0},"end":{"line":17,"column":51}},"18":{"start":{"line":19,"column":0},"end":{"line":19,"column":39}},"19":{"start":{"line":20,"column":0},"end":{"line":20,"column":25}},"20":{"start":{"line":21,"column":0},"end":{"line":21,"column":45}},"21":{"start":{"line":22,"column":0},"end":{"line":22,"column":47}},"22":{"start":{"line":23,"column":0},"end":{"line":23,"column":3}},"24":{"start":{"line":25,"column":0},"end":{"line":25,"column":53}},"25":{"start":{"line":26,"column":0},"end":{"line":26,"column":9}},"27":{"start":{"line":28,"column":0},"end":{"line":28,"column":32}},"28":{"start":{"line":29,"column":0},"end":{"line":29,"column":21}},"29":{"start":{"line":30,"column":0},"end":{"line":30,"column":55}},"30":{"start":{"line":31,"column":0},"end":{"line":31,"column":16}},"31":{"start":{"line":32,"column":0},"end":{"line":32,"column":5}},"32":{"start":{"line":33,"column":0},"end":{"line":33,"column":3}},"34":{"start":{"line":35,"column":0},"end":{"line":35,"column":55}},"35":{"start":{"line":36,"column":0},"end":{"line":36,"column":9}},"36":{"start":{"line":37,"column":0},"end":{"line":37,"column":33}},"37":{"start":{"line":38,"column":0},"end":{"line":38,"column":21}},"38":{"start":{"line":39,"column":0},"end":{"line":39,"column":56}},"39":{"start":{"line":40,"column":0},"end":{"line":40,"column":16}},"40":{"start":{"line":41,"column":0},"end":{"line":41,"column":5}},"41":{"start":{"line":42,"column":0},"end":{"line":42,"column":3}},"46":{"start":{"line":47,"column":0},"end":{"line":47,"column":84}},"47":{"start":{"line":48,"column":0},"end":{"line":48,"column":45}},"50":{"start":{"line":51,"column":0},"end":{"line":51,"column":75}},"53":{"start":{"line":54,"column":0},"end":{"line":54,"column":73}},"56":{"start":{"line":57,"column":0},"end":{"line":57,"column":71}},"59":{"start":{"line":60,"column":0},"end":{"line":60,"column":86}},"62":{"start":{"line":63,"column":0},"end":{"line":63,"column":47}},"63":{"start":{"line":64,"column":0},"end":{"line":64,"column":27}},"64":{"start":{"line":65,"column":0},"end":{"line":65,"column":15}},"65":{"start":{"line":66,"column":0},"end":{"line":66,"column":17}},"66":{"start":{"line":67,"column":0},"end":{"line":67,"column":25}},"67":{"start":{"line":68,"column":0},"end":{"line":68,"column":24}},"68":{"start":{"line":69,"column":0},"end":{"line":69,"column":26}},"69":{"start":{"line":70,"column":0},"end":{"line":70,"column":8}},"70":{"start":{"line":71,"column":0},"end":{"line":71,"column":5}},"72":{"start":{"line":73,"column":0},"end":{"line":73,"column":20}},"73":{"start":{"line":74,"column":0},"end":{"line":74,"column":3}},"78":{"start":{"line":79,"column":0},"end":{"line":79,"column":74}},"79":{"start":{"line":80,"column":0},"end":{"line":80,"column":42}},"81":{"start":{"line":82,"column":0},"end":{"line":82,"column":79}},"82":{"start":{"line":83,"column":0},"end":{"line":83,"column":66}},"84":{"start":{"line":85,"column":0},"end":{"line":85,"column":66}},"85":{"start":{"line":86,"column":0},"end":{"line":86,"column":12}},"86":{"start":{"line":87,"column":0},"end":{"line":87,"column":35}},"87":{"start":{"line":88,"column":0},"end":{"line":88,"column":47}},"88":{"start":{"line":89,"column":0},"end":{"line":89,"column":54}},"89":{"start":{"line":90,"column":0},"end":{"line":90,"column":53}},"90":{"start":{"line":91,"column":0},"end":{"line":91,"column":11}},"91":{"start":{"line":92,"column":0},"end":{"line":92,"column":46}},"92":{"start":{"line":93,"column":0},"end":{"line":93,"column":9}},"93":{"start":{"line":94,"column":0},"end":{"line":94,"column":7}},"94":{"start":{"line":95,"column":0},"end":{"line":95,"column":5}},"96":{"start":{"line":97,"column":0},"end":{"line":97,"column":28}},"97":{"start":{"line":98,"column":0},"end":{"line":98,"column":3}},"102":{"start":{"line":103,"column":0},"end":{"line":103,"column":73}},"103":{"start":{"line":104,"column":0},"end":{"line":104,"column":45}},"104":{"start":{"line":105,"column":0},"end":{"line":105,"column":47}},"107":{"start":{"line":108,"column":0},"end":{"line":108,"column":62}},"108":{"start":{"line":109,"column":0},"end":{"line":109,"column":66}},"111":{"start":{"line":112,"column":0},"end":{"line":112,"column":35}},"112":{"start":{"line":113,"column":0},"end":{"line":113,"column":59}},"114":{"start":{"line":115,"column":0},"end":{"line":115,"column":64}},"115":{"start":{"line":116,"column":0},"end":{"line":116,"column":45}},"116":{"start":{"line":117,"column":0},"end":{"line":117,"column":9}},"117":{"start":{"line":118,"column":0},"end":{"line":118,"column":7}},"118":{"start":{"line":119,"column":0},"end":{"line":119,"column":5}},"121":{"start":{"line":122,"column":0},"end":{"line":122,"column":32}},"122":{"start":{"line":123,"column":0},"end":{"line":123,"column":66}},"123":{"start":{"line":124,"column":0},"end":{"line":124,"column":29}},"124":{"start":{"line":125,"column":0},"end":{"line":125,"column":10}},"125":{"start":{"line":126,"column":0},"end":{"line":126,"column":12}},"126":{"start":{"line":127,"column":0},"end":{"line":127,"column":36}},"127":{"start":{"line":128,"column":0},"end":{"line":128,"column":68}},"128":{"start":{"line":129,"column":0},"end":{"line":129,"column":11}},"129":{"start":{"line":130,"column":0},"end":{"line":130,"column":45}},"130":{"start":{"line":131,"column":0},"end":{"line":131,"column":71}},"131":{"start":{"line":132,"column":0},"end":{"line":132,"column":45}},"132":{"start":{"line":133,"column":0},"end":{"line":133,"column":9}},"133":{"start":{"line":134,"column":0},"end":{"line":134,"column":7}},"134":{"start":{"line":135,"column":0},"end":{"line":135,"column":5}},"137":{"start":{"line":138,"column":0},"end":{"line":138,"column":38}},"138":{"start":{"line":139,"column":0},"end":{"line":139,"column":59}},"139":{"start":{"line":140,"column":0},"end":{"line":140,"column":5}},"141":{"start":{"line":142,"column":0},"end":{"line":142,"column":40}},"142":{"start":{"line":143,"column":0},"end":{"line":143,"column":3}},"147":{"start":{"line":148,"column":0},"end":{"line":148,"column":68}},"148":{"start":{"line":149,"column":0},"end":{"line":149,"column":45}},"149":{"start":{"line":150,"column":0},"end":{"line":150,"column":43}},"151":{"start":{"line":152,"column":0},"end":{"line":152,"column":82}},"152":{"start":{"line":153,"column":0},"end":{"line":153,"column":72}},"154":{"start":{"line":155,"column":0},"end":{"line":155,"column":66}},"155":{"start":{"line":156,"column":0},"end":{"line":156,"column":12}},"156":{"start":{"line":157,"column":0},"end":{"line":157,"column":36}},"157":{"start":{"line":158,"column":0},"end":{"line":158,"column":48}},"158":{"start":{"line":159,"column":0},"end":{"line":159,"column":57}},"159":{"start":{"line":160,"column":0},"end":{"line":160,"column":52}},"160":{"start":{"line":161,"column":0},"end":{"line":161,"column":11}},"161":{"start":{"line":162,"column":0},"end":{"line":162,"column":63}},"162":{"start":{"line":163,"column":0},"end":{"line":163,"column":9}},"163":{"start":{"line":164,"column":0},"end":{"line":164,"column":7}},"164":{"start":{"line":165,"column":0},"end":{"line":165,"column":5}},"166":{"start":{"line":167,"column":0},"end":{"line":167,"column":29}},"167":{"start":{"line":168,"column":0},"end":{"line":168,"column":3}},"172":{"start":{"line":173,"column":0},"end":{"line":173,"column":72}},"173":{"start":{"line":174,"column":0},"end":{"line":174,"column":37}},"175":{"start":{"line":176,"column":0},"end":{"line":176,"column":11}},"177":{"start":{"line":178,"column":0},"end":{"line":178,"column":55}},"178":{"start":{"line":179,"column":0},"end":{"line":179,"column":58}},"180":{"start":{"line":181,"column":0},"end":{"line":181,"column":33}},"181":{"start":{"line":182,"column":0},"end":{"line":182,"column":22}},"182":{"start":{"line":183,"column":0},"end":{"line":183,"column":9}},"183":{"start":{"line":184,"column":0},"end":{"line":184,"column":24}},"185":{"start":{"line":186,"column":0},"end":{"line":186,"column":67}},"186":{"start":{"line":187,"column":0},"end":{"line":187,"column":22}},"187":{"start":{"line":188,"column":0},"end":{"line":188,"column":9}},"188":{"start":{"line":189,"column":0},"end":{"line":189,"column":7}},"189":{"start":{"line":190,"column":0},"end":{"line":190,"column":5}},"190":{"start":{"line":191,"column":0},"end":{"line":191,"column":17}},"191":{"start":{"line":192,"column":0},"end":{"line":192,"column":3}},"196":{"start":{"line":197,"column":0},"end":{"line":197,"column":76}},"197":{"start":{"line":198,"column":0},"end":{"line":198,"column":73}},"198":{"start":{"line":199,"column":0},"end":{"line":199,"column":33}},"199":{"start":{"line":200,"column":0},"end":{"line":200,"column":63}},"200":{"start":{"line":201,"column":0},"end":{"line":201,"column":6}},"201":{"start":{"line":202,"column":0},"end":{"line":202,"column":3}},"206":{"start":{"line":207,"column":0},"end":{"line":207,"column":32}},"207":{"start":{"line":208,"column":0},"end":{"line":208,"column":31}},"208":{"start":{"line":209,"column":0},"end":{"line":209,"column":30}},"209":{"start":{"line":210,"column":0},"end":{"line":210,"column":32}},"210":{"start":{"line":211,"column":0},"end":{"line":211,"column":15}},"211":{"start":{"line":212,"column":0},"end":{"line":212,"column":38}},"214":{"start":{"line":215,"column":0},"end":{"line":215,"column":46}},"215":{"start":{"line":216,"column":0},"end":{"line":216,"column":62}},"216":{"start":{"line":217,"column":0},"end":{"line":217,"column":5}},"219":{"start":{"line":220,"column":0},"end":{"line":220,"column":45}},"220":{"start":{"line":221,"column":0},"end":{"line":221,"column":60}},"221":{"start":{"line":222,"column":0},"end":{"line":222,"column":5}},"224":{"start":{"line":225,"column":0},"end":{"line":225,"column":49}},"225":{"start":{"line":226,"column":0},"end":{"line":226,"column":55}},"226":{"start":{"line":227,"column":0},"end":{"line":227,"column":5}},"228":{"start":{"line":229,"column":0},"end":{"line":229,"column":24}},"229":{"start":{"line":230,"column":0},"end":{"line":230,"column":3}},"234":{"start":{"line":235,"column":0},"end":{"line":235,"column":26}},"235":{"start":{"line":236,"column":0},"end":{"line":236,"column":19}},"236":{"start":{"line":237,"column":0},"end":{"line":237,"column":23}},"237":{"start":{"line":238,"column":0},"end":{"line":238,"column":31}},"238":{"start":{"line":239,"column":0},"end":{"line":239,"column":30}},"239":{"start":{"line":240,"column":0},"end":{"line":240,"column":32}},"240":{"start":{"line":241,"column":0},"end":{"line":241,"column":11}},"242":{"start":{"line":243,"column":0},"end":{"line":243,"column":36}},"243":{"start":{"line":244,"column":0},"end":{"line":244,"column":32}},"244":{"start":{"line":245,"column":0},"end":{"line":245,"column":15}},"245":{"start":{"line":246,"column":0},"end":{"line":246,"column":23}},"246":{"start":{"line":247,"column":0},"end":{"line":247,"column":22}},"247":{"start":{"line":248,"column":0},"end":{"line":248,"column":24}},"248":{"start":{"line":249,"column":0},"end":{"line":249,"column":6}},"249":{"start":{"line":250,"column":0},"end":{"line":250,"column":3}},"254":{"start":{"line":255,"column":0},"end":{"line":255,"column":52}},"255":{"start":{"line":256,"column":0},"end":{"line":256,"column":47}},"256":{"start":{"line":257,"column":0},"end":{"line":257,"column":48}},"257":{"start":{"line":258,"column":0},"end":{"line":258,"column":33}},"258":{"start":{"line":259,"column":0},"end":{"line":259,"column":46}},"259":{"start":{"line":260,"column":0},"end":{"line":260,"column":5}},"260":{"start":{"line":261,"column":0},"end":{"line":261,"column":3}},"265":{"start":{"line":266,"column":0},"end":{"line":266,"column":33}},"266":{"start":{"line":267,"column":0},"end":{"line":267,"column":23}},"267":{"start":{"line":268,"column":0},"end":{"line":268,"column":31}},"268":{"start":{"line":269,"column":0},"end":{"line":269,"column":30}},"269":{"start":{"line":270,"column":0},"end":{"line":270,"column":32}},"270":{"start":{"line":271,"column":0},"end":{"line":271,"column":11}},"271":{"start":{"line":272,"column":0},"end":{"line":272,"column":30}},"272":{"start":{"line":273,"column":0},"end":{"line":273,"column":58}},"273":{"start":{"line":274,"column":0},"end":{"line":274,"column":25}},"274":{"start":{"line":275,"column":0},"end":{"line":275,"column":24}},"275":{"start":{"line":276,"column":0},"end":{"line":276,"column":26}},"276":{"start":{"line":277,"column":0},"end":{"line":277,"column":8}},"277":{"start":{"line":278,"column":0},"end":{"line":278,"column":55}},"278":{"start":{"line":279,"column":0},"end":{"line":279,"column":12}},"279":{"start":{"line":280,"column":0},"end":{"line":280,"column":37}},"280":{"start":{"line":281,"column":0},"end":{"line":281,"column":5}},"281":{"start":{"line":282,"column":0},"end":{"line":282,"column":3}},"286":{"start":{"line":287,"column":0},"end":{"line":287,"column":71}},"287":{"start":{"line":288,"column":0},"end":{"line":288,"column":47}},"288":{"start":{"line":289,"column":0},"end":{"line":289,"column":69}},"289":{"start":{"line":290,"column":0},"end":{"line":290,"column":58}},"290":{"start":{"line":291,"column":0},"end":{"line":291,"column":68}},"291":{"start":{"line":292,"column":0},"end":{"line":292,"column":5}},"292":{"start":{"line":293,"column":0},"end":{"line":293,"column":3}},"297":{"start":{"line":298,"column":0},"end":{"line":298,"column":43}},"298":{"start":{"line":299,"column":0},"end":{"line":299,"column":47}},"299":{"start":{"line":300,"column":0},"end":{"line":300,"column":76}},"300":{"start":{"line":301,"column":0},"end":{"line":301,"column":57}},"301":{"start":{"line":302,"column":0},"end":{"line":302,"column":74}},"302":{"start":{"line":303,"column":0},"end":{"line":303,"column":5}},"303":{"start":{"line":304,"column":0},"end":{"line":304,"column":3}},"304":{"start":{"line":305,"column":0},"end":{"line":305,"column":1}}},"s":{"6":1,"13":1,"14":86,"15":86,"16":86,"18":86,"19":86,"20":86,"21":86,"22":86,"24":86,"25":86,"27":86,"28":86,"29":0,"30":0,"31":0,"32":86,"34":86,"35":86,"36":86,"37":86,"38":0,"39":0,"40":0,"41":86,"46":86,"47":2,"50":2,"53":2,"56":2,"59":2,"62":2,"63":0,"64":0,"65":0,"66":0,"67":0,"68":0,"69":0,"70":0,"72":2,"73":2,"78":86,"79":2,"81":2,"82":98,"84":1,"85":1,"86":1,"87":1,"88":0,"89":0,"90":1,"91":1,"92":1,"93":1,"94":98,"96":2,"97":2,"102":86,"103":2,"104":2,"107":2,"108":2,"111":2,"112":2,"114":10,"115":1,"116":1,"117":10,"118":2,"121":2,"122":2,"123":2,"124":2,"125":34,"126":34,"127":0,"128":34,"129":0,"130":34,"131":2,"132":2,"133":34,"134":2,"137":2,"138":1,"139":1,"141":2,"142":2,"147":86,"148":2,"149":2,"151":2,"152":42,"154":0,"155":0,"156":0,"157":0,"158":0,"159":0,"160":0,"161":0,"162":0,"163":0,"164":42,"166":2,"167":2,"172":86,"173":140,"175":904,"177":904,"178":904,"180":904,"181":1,"182":1,"183":904,"185":0,"186":0,"187":0,"188":0,"189":904,"190":139,"191":140,"196":86,"197":44,"198":44,"199":44,"200":44,"201":44,"206":86,"207":0,"208":0,"209":0,"210":0,"211":0,"214":0,"215":0,"216":0,"219":0,"220":0,"221":0,"224":0,"225":0,"226":0,"228":0,"229":0,"234":86,"235":0,"236":0,"237":0,"238":0,"239":0,"240":0,"242":0,"243":0,"244":0,"245":0,"246":0,"247":0,"248":0,"249":0,"254":86,"255":0,"256":0,"257":0,"258":0,"259":0,"260":0,"265":86,"266":0,"267":0,"268":0,"269":0,"270":0,"271":0,"272":0,"273":0,"274":0,"275":0,"276":0,"277":0,"278":0,"279":0,"280":0,"281":0,"286":86,"287":0,"288":0,"289":0,"290":0,"291":0,"292":0,"297":86,"298":0,"299":0,"300":0,"301":0,"302":0,"303":0,"304":86},"branchMap":{"0":{"type":"branch","line":14,"loc":{"start":{"line":14,"column":28},"end":{"line":305,"column":1}},"locations":[{"start":{"line":14,"column":28},"end":{"line":305,"column":1}}]},"1":{"type":"branch","line":19,"loc":{"start":{"line":19,"column":2},"end":{"line":23,"column":3}},"locations":[{"start":{"line":19,"column":2},"end":{"line":23,"column":3}}]},"2":{"type":"branch","line":25,"loc":{"start":{"line":25,"column":10},"end":{"line":33,"column":3}},"locations":[{"start":{"line":25,"column":10},"end":{"line":33,"column":3}}]},"3":{"type":"branch","line":29,"loc":{"start":{"line":29,"column":4},"end":{"line":32,"column":5}},"locations":[{"start":{"line":29,"column":4},"end":{"line":32,"column":5}}]},"4":{"type":"branch","line":35,"loc":{"start":{"line":35,"column":10},"end":{"line":42,"column":3}},"locations":[{"start":{"line":35,"column":10},"end":{"line":42,"column":3}}]},"5":{"type":"branch","line":38,"loc":{"start":{"line":38,"column":4},"end":{"line":41,"column":5}},"locations":[{"start":{"line":38,"column":4},"end":{"line":41,"column":5}}]},"6":{"type":"branch","line":47,"loc":{"start":{"line":47,"column":2},"end":{"line":74,"column":3}},"locations":[{"start":{"line":47,"column":2},"end":{"line":74,"column":3}}]},"7":{"type":"branch","line":63,"loc":{"start":{"line":63,"column":46},"end":{"line":71,"column":5}},"locations":[{"start":{"line":63,"column":46},"end":{"line":71,"column":5}}]},"8":{"type":"branch","line":79,"loc":{"start":{"line":79,"column":2},"end":{"line":98,"column":3}},"locations":[{"start":{"line":79,"column":2},"end":{"line":98,"column":3}}]},"9":{"type":"branch","line":82,"loc":{"start":{"line":82,"column":78},"end":{"line":95,"column":5}},"locations":[{"start":{"line":82,"column":78},"end":{"line":95,"column":5}}]},"10":{"type":"branch","line":83,"loc":{"start":{"line":83,"column":48},"end":{"line":83,"column":62}},"locations":[{"start":{"line":83,"column":48},"end":{"line":83,"column":62}}]},"11":{"type":"branch","line":83,"loc":{"start":{"line":83,"column":65},"end":{"line":94,"column":7}},"locations":[{"start":{"line":83,"column":65},"end":{"line":94,"column":7}}]},"12":{"type":"branch","line":88,"loc":{"start":{"line":88,"column":43},"end":{"line":89,"column":54}},"locations":[{"start":{"line":88,"column":43},"end":{"line":89,"column":54}}]},"13":{"type":"branch","line":89,"loc":{"start":{"line":89,"column":50},"end":{"line":90,"column":53}},"locations":[{"start":{"line":89,"column":50},"end":{"line":90,"column":53}}]},"14":{"type":"branch","line":103,"loc":{"start":{"line":103,"column":2},"end":{"line":143,"column":3}},"locations":[{"start":{"line":103,"column":2},"end":{"line":143,"column":3}}]},"15":{"type":"branch","line":113,"loc":{"start":{"line":113,"column":58},"end":{"line":118,"column":7}},"locations":[{"start":{"line":113,"column":58},"end":{"line":118,"column":7}}]},"16":{"type":"branch","line":115,"loc":{"start":{"line":115,"column":63},"end":{"line":117,"column":9}},"locations":[{"start":{"line":115,"column":63},"end":{"line":117,"column":9}}]},"17":{"type":"branch","line":125,"loc":{"start":{"line":125,"column":9},"end":{"line":134,"column":7}},"locations":[{"start":{"line":125,"column":9},"end":{"line":134,"column":7}}]},"18":{"type":"branch","line":127,"loc":{"start":{"line":127,"column":25},"end":{"line":128,"column":68}},"locations":[{"start":{"line":127,"column":25},"end":{"line":128,"column":68}}]},"19":{"type":"branch","line":129,"loc":{"start":{"line":129,"column":10},"end":{"line":131,"column":19}},"locations":[{"start":{"line":129,"column":10},"end":{"line":131,"column":19}}]},"20":{"type":"branch","line":131,"loc":{"start":{"line":131,"column":70},"end":{"line":133,"column":9}},"locations":[{"start":{"line":131,"column":70},"end":{"line":133,"column":9}}]},"21":{"type":"branch","line":138,"loc":{"start":{"line":138,"column":37},"end":{"line":140,"column":5}},"locations":[{"start":{"line":138,"column":37},"end":{"line":140,"column":5}}]},"22":{"type":"branch","line":148,"loc":{"start":{"line":148,"column":2},"end":{"line":168,"column":3}},"locations":[{"start":{"line":148,"column":2},"end":{"line":168,"column":3}}]},"23":{"type":"branch","line":152,"loc":{"start":{"line":152,"column":81},"end":{"line":165,"column":5}},"locations":[{"start":{"line":152,"column":81},"end":{"line":165,"column":5}}]},"24":{"type":"branch","line":153,"loc":{"start":{"line":153,"column":54},"end":{"line":153,"column":68}},"locations":[{"start":{"line":153,"column":54},"end":{"line":153,"column":68}}]},"25":{"type":"branch","line":153,"loc":{"start":{"line":153,"column":71},"end":{"line":164,"column":7}},"locations":[{"start":{"line":153,"column":71},"end":{"line":164,"column":7}}]},"26":{"type":"branch","line":173,"loc":{"start":{"line":173,"column":10},"end":{"line":192,"column":3}},"locations":[{"start":{"line":173,"column":10},"end":{"line":192,"column":3}}]},"27":{"type":"branch","line":174,"loc":{"start":{"line":174,"column":36},"end":{"line":190,"column":5}},"locations":[{"start":{"line":174,"column":36},"end":{"line":190,"column":5}}]},"28":{"type":"branch","line":181,"loc":{"start":{"line":181,"column":32},"end":{"line":183,"column":9}},"locations":[{"start":{"line":181,"column":32},"end":{"line":183,"column":9}}]},"29":{"type":"branch","line":184,"loc":{"start":{"line":184,"column":6},"end":{"line":189,"column":7}},"locations":[{"start":{"line":184,"column":6},"end":{"line":189,"column":7}}]},"30":{"type":"branch","line":190,"loc":{"start":{"line":190,"column":4},"end":{"line":191,"column":17}},"locations":[{"start":{"line":190,"column":4},"end":{"line":191,"column":17}}]},"31":{"type":"branch","line":197,"loc":{"start":{"line":197,"column":10},"end":{"line":202,"column":3}},"locations":[{"start":{"line":197,"column":10},"end":{"line":202,"column":3}}]},"32":{"type":"branch","line":200,"loc":{"start":{"line":200,"column":6},"end":{"line":200,"column":63}},"locations":[{"start":{"line":200,"column":6},"end":{"line":200,"column":63}}]}},"b":{"0":[86],"1":[86],"2":[86],"3":[0],"4":[86],"5":[0],"6":[2],"7":[0],"8":[2],"9":[98],"10":[0],"11":[1],"12":[0],"13":[0],"14":[2],"15":[10],"16":[1],"17":[34],"18":[0],"19":[0],"20":[2],"21":[1],"22":[2],"23":[42],"24":[0],"25":[0],"26":[140],"27":[904],"28":[1],"29":[0],"30":[139],"31":[44],"32":[78]},"fnMap":{"0":{"name":"<instance_members_initializer>","decl":{"start":{"line":14,"column":28},"end":{"line":305,"column":1}},"loc":{"start":{"line":14,"column":28},"end":{"line":305,"column":1}},"line":14},"1":{"name":"PromptAnalyzer","decl":{"start":{"line":19,"column":2},"end":{"line":23,"column":3}},"loc":{"start":{"line":19,"column":2},"end":{"line":23,"column":3}},"line":19},"2":{"name":"loadWorkflows","decl":{"start":{"line":25,"column":10},"end":{"line":33,"column":3}},"loc":{"start":{"line":25,"column":10},"end":{"line":33,"column":3}},"line":25},"3":{"name":"loadChecklists","decl":{"start":{"line":35,"column":10},"end":{"line":42,"column":3}},"loc":{"start":{"line":35,"column":10},"end":{"line":42,"column":3}},"line":35},"4":{"name":"analyze","decl":{"start":{"line":47,"column":2},"end":{"line":74,"column":3}},"loc":{"start":{"line":47,"column":2},"end":{"line":74,"column":3}},"line":47},"5":{"name":"matchBuiltInWorkflows","decl":{"start":{"line":79,"column":2},"end":{"line":98,"column":3}},"loc":{"start":{"line":79,"column":2},"end":{"line":98,"column":3}},"line":79},"6":{"name":"matchConfigWorkflows","decl":{"start":{"line":103,"column":2},"end":{"line":143,"column":3}},"loc":{"start":{"line":103,"column":2},"end":{"line":143,"column":3}},"line":103},"7":{"name":"matchChecklists","decl":{"start":{"line":148,"column":2},"end":{"line":168,"column":3}},"loc":{"start":{"line":148,"column":2},"end":{"line":168,"column":3}},"line":148},"8":{"name":"matchesTriggers","decl":{"start":{"line":173,"column":10},"end":{"line":192,"column":3}},"loc":{"start":{"line":173,"column":10},"end":{"line":192,"column":3}},"line":173},"9":{"name":"basicKeywordMatch","decl":{"start":{"line":197,"column":10},"end":{"line":202,"column":3}},"loc":{"start":{"line":197,"column":10},"end":{"line":202,"column":3}},"line":197},"10":{"name":"buildItemDescriptions","decl":{"start":{"line":207,"column":10},"end":{"line":230,"column":3}},"loc":{"start":{"line":207,"column":10},"end":{"line":230,"column":3}},"line":207},"11":{"name":"displayAnalysis","decl":{"start":{"line":235,"column":10},"end":{"line":250,"column":3}},"loc":{"start":{"line":235,"column":10},"end":{"line":250,"column":3}},"line":235},"12":{"name":"displayPromptPanel","decl":{"start":{"line":255,"column":10},"end":{"line":261,"column":3}},"loc":{"start":{"line":255,"column":10},"end":{"line":261,"column":3}},"line":255},"13":{"name":"displayWorkflowResults","decl":{"start":{"line":266,"column":10},"end":{"line":282,"column":3}},"loc":{"start":{"line":266,"column":10},"end":{"line":282,"column":3}},"line":266},"14":{"name":"displayDetectedItemsPanel","decl":{"start":{"line":287,"column":10},"end":{"line":293,"column":3}},"loc":{"start":{"line":287,"column":10},"end":{"line":293,"column":3}},"line":287},"15":{"name":"displayNoDetectionPanel","decl":{"start":{"line":298,"column":10},"end":{"line":304,"column":3}},"loc":{"start":{"line":298,"column":10},"end":{"line":304,"column":3}},"line":298}},"f":{"0":86,"1":86,"2":86,"3":86,"4":2,"5":2,"6":2,"7":2,"8":140,"9":44,"10":0,"11":0,"12":0,"13":0,"14":0,"15":0}}
,"/Users/soren-n/Documents/workspace/vibe/src/cli.ts": {"path":"/Users/soren-n/Documents/workspace/vibe/src/cli.ts","all":true,"statementMap":{"5":{"start":{"line":6,"column":0},"end":{"line":6,"column":36}},"6":{"start":{"line":7,"column":0},"end":{"line":7,"column":54}},"7":{"start":{"line":8,"column":0},"end":{"line":8,"column":44}},"8":{"start":{"line":9,"column":0},"end":{"line":9,"column":47}},"9":{"start":{"line":10,"column":0},"end":{"line":10,"column":55}},"13":{"start":{"line":14,"column":0},"end":{"line":14,"column":31}},"14":{"start":{"line":15,"column":0},"end":{"line":15,"column":7}},"16":{"start":{"line":17,"column":0},"end":{"line":17,"column":51}},"17":{"start":{"line":18,"column":0},"end":{"line":18,"column":31}},"18":{"start":{"line":19,"column":0},"end":{"line":19,"column":20}},"19":{"start":{"line":20,"column":0},"end":{"line":20,"column":39}},"20":{"start":{"line":21,"column":0},"end":{"line":21,"column":3}},"21":{"start":{"line":22,"column":0},"end":{"line":22,"column":1}},"22":{"start":{"line":23,"column":0},"end":{"line":23,"column":54}},"23":{"start":{"line":24,"column":0},"end":{"line":24,"column":39}},"34":{"start":{"line":35,"column":0},"end":{"line":35,"column":30}},"37":{"start":{"line":38,"column":0},"end":{"line":38,"column":53}},"38":{"start":{"line":39,"column":0},"end":{"line":39,"column":38}},"39":{"start":{"line":40,"column":0},"end":{"line":40,"column":42}},"40":{"start":{"line":41,"column":0},"end":{"line":41,"column":1}},"42":{"start":{"line":43,"column":0},"end":{"line":43,"column":7}},"43":{"start":{"line":44,"column":0},"end":{"line":44,"column":15}},"44":{"start":{"line":45,"column":0},"end":{"line":45,"column":15}},"45":{"start":{"line":46,"column":0},"end":{"line":46,"column":79}},"46":{"start":{"line":47,"column":0},"end":{"line":47,"column":3}},"47":{"start":{"line":48,"column":0},"end":{"line":48,"column":25}},"49":{"start":{"line":50,"column":0},"end":{"line":50,"column":7}},"50":{"start":{"line":51,"column":0},"end":{"line":51,"column":18}},"51":{"start":{"line":52,"column":0},"end":{"line":52,"column":61}},"52":{"start":{"line":53,"column":0},"end":{"line":53,"column":10}},"53":{"start":{"line":54,"column":0},"end":{"line":54,"column":28}},"54":{"start":{"line":55,"column":0},"end":{"line":55,"column":71}},"55":{"start":{"line":56,"column":0},"end":{"line":56,"column":3}},"56":{"start":{"line":57,"column":0},"end":{"line":57,"column":43}},"57":{"start":{"line":58,"column":0},"end":{"line":58,"column":9}},"58":{"start":{"line":59,"column":0},"end":{"line":59,"column":56}},"60":{"start":{"line":61,"column":0},"end":{"line":61,"column":38}},"61":{"start":{"line":62,"column":0},"end":{"line":62,"column":32}},"62":{"start":{"line":63,"column":0},"end":{"line":63,"column":49}},"63":{"start":{"line":64,"column":0},"end":{"line":64,"column":14}},"64":{"start":{"line":65,"column":0},"end":{"line":65,"column":62}},"65":{"start":{"line":66,"column":0},"end":{"line":66,"column":7}},"67":{"start":{"line":68,"column":0},"end":{"line":68,"column":66}},"68":{"start":{"line":69,"column":0},"end":{"line":69,"column":51}},"69":{"start":{"line":70,"column":0},"end":{"line":70,"column":21}},"70":{"start":{"line":71,"column":0},"end":{"line":71,"column":55}},"71":{"start":{"line":72,"column":0},"end":{"line":72,"column":22}},"72":{"start":{"line":73,"column":0},"end":{"line":73,"column":5}},"73":{"start":{"line":74,"column":0},"end":{"line":74,"column":5}},"75":{"start":{"line":76,"column":0},"end":{"line":76,"column":7}},"76":{"start":{"line":77,"column":0},"end":{"line":77,"column":17}},"77":{"start":{"line":78,"column":0},"end":{"line":78,"column":32}},"78":{"start":{"line":79,"column":0},"end":{"line":79,"column":56}},"79":{"start":{"line":80,"column":0},"end":{"line":80,"column":53}},"80":{"start":{"line":81,"column":0},"end":{"line":81,"column":64}},"81":{"start":{"line":82,"column":0},"end":{"line":82,"column":67}},"82":{"start":{"line":83,"column":0},"end":{"line":83,"column":9}},"83":{"start":{"line":84,"column":0},"end":{"line":84,"column":51}},"85":{"start":{"line":86,"column":0},"end":{"line":86,"column":48}},"86":{"start":{"line":87,"column":0},"end":{"line":87,"column":58}},"87":{"start":{"line":88,"column":0},"end":{"line":88,"column":73}},"89":{"start":{"line":90,"column":0},"end":{"line":90,"column":28}},"90":{"start":{"line":91,"column":0},"end":{"line":91,"column":58}},"91":{"start":{"line":92,"column":0},"end":{"line":92,"column":24}},"92":{"start":{"line":93,"column":0},"end":{"line":93,"column":7}},"94":{"start":{"line":95,"column":0},"end":{"line":95,"column":67}},"95":{"start":{"line":96,"column":0},"end":{"line":96,"column":50}},"96":{"start":{"line":97,"column":0},"end":{"line":97,"column":21}},"97":{"start":{"line":98,"column":0},"end":{"line":98,"column":54}},"98":{"start":{"line":99,"column":0},"end":{"line":99,"column":22}},"99":{"start":{"line":100,"column":0},"end":{"line":100,"column":5}},"100":{"start":{"line":101,"column":0},"end":{"line":101,"column":5}},"102":{"start":{"line":103,"column":0},"end":{"line":103,"column":7}},"103":{"start":{"line":104,"column":0},"end":{"line":104,"column":19}},"104":{"start":{"line":105,"column":0},"end":{"line":105,"column":53}},"105":{"start":{"line":106,"column":0},"end":{"line":106,"column":60}},"106":{"start":{"line":107,"column":0},"end":{"line":107,"column":28}},"107":{"start":{"line":108,"column":0},"end":{"line":108,"column":9}},"108":{"start":{"line":109,"column":0},"end":{"line":109,"column":54}},"109":{"start":{"line":110,"column":0},"end":{"line":110,"column":61}},"111":{"start":{"line":112,"column":0},"end":{"line":112,"column":25}},"112":{"start":{"line":113,"column":0},"end":{"line":113,"column":24}},"113":{"start":{"line":114,"column":0},"end":{"line":114,"column":24}},"114":{"start":{"line":115,"column":0},"end":{"line":115,"column":27}},"115":{"start":{"line":116,"column":0},"end":{"line":116,"column":19}},"116":{"start":{"line":117,"column":0},"end":{"line":117,"column":28}},"117":{"start":{"line":118,"column":0},"end":{"line":118,"column":28}},"118":{"start":{"line":119,"column":0},"end":{"line":119,"column":32}},"119":{"start":{"line":120,"column":0},"end":{"line":120,"column":44}},"120":{"start":{"line":121,"column":0},"end":{"line":121,"column":16}},"121":{"start":{"line":122,"column":0},"end":{"line":122,"column":14}},"122":{"start":{"line":123,"column":0},"end":{"line":123,"column":28}},"123":{"start":{"line":124,"column":0},"end":{"line":124,"column":22}},"124":{"start":{"line":125,"column":0},"end":{"line":125,"column":35}},"125":{"start":{"line":126,"column":0},"end":{"line":126,"column":12}},"126":{"start":{"line":127,"column":0},"end":{"line":127,"column":10}},"127":{"start":{"line":128,"column":0},"end":{"line":128,"column":53}},"128":{"start":{"line":129,"column":0},"end":{"line":129,"column":14}},"129":{"start":{"line":130,"column":0},"end":{"line":130,"column":52}},"130":{"start":{"line":131,"column":0},"end":{"line":131,"column":51}},"131":{"start":{"line":132,"column":0},"end":{"line":132,"column":53}},"132":{"start":{"line":133,"column":0},"end":{"line":133,"column":86}},"133":{"start":{"line":134,"column":0},"end":{"line":134,"column":20}},"134":{"start":{"line":135,"column":0},"end":{"line":135,"column":80}},"135":{"start":{"line":136,"column":0},"end":{"line":136,"column":10}},"136":{"start":{"line":137,"column":0},"end":{"line":137,"column":7}},"137":{"start":{"line":138,"column":0},"end":{"line":138,"column":21}},"138":{"start":{"line":139,"column":0},"end":{"line":139,"column":25}},"139":{"start":{"line":140,"column":0},"end":{"line":140,"column":24}},"140":{"start":{"line":141,"column":0},"end":{"line":141,"column":25}},"141":{"start":{"line":142,"column":0},"end":{"line":142,"column":83}},"142":{"start":{"line":143,"column":0},"end":{"line":143,"column":19}},"143":{"start":{"line":144,"column":0},"end":{"line":144,"column":28}},"144":{"start":{"line":145,"column":0},"end":{"line":145,"column":28}},"145":{"start":{"line":146,"column":0},"end":{"line":146,"column":32}},"146":{"start":{"line":147,"column":0},"end":{"line":147,"column":82}},"147":{"start":{"line":148,"column":0},"end":{"line":148,"column":16}},"148":{"start":{"line":149,"column":0},"end":{"line":149,"column":14}},"149":{"start":{"line":150,"column":0},"end":{"line":150,"column":28}},"150":{"start":{"line":151,"column":0},"end":{"line":151,"column":22}},"151":{"start":{"line":152,"column":0},"end":{"line":152,"column":35}},"152":{"start":{"line":153,"column":0},"end":{"line":153,"column":12}},"153":{"start":{"line":154,"column":0},"end":{"line":154,"column":10}},"154":{"start":{"line":155,"column":0},"end":{"line":155,"column":53}},"155":{"start":{"line":156,"column":0},"end":{"line":156,"column":14}},"156":{"start":{"line":157,"column":0},"end":{"line":157,"column":58}},"157":{"start":{"line":158,"column":0},"end":{"line":158,"column":7}},"158":{"start":{"line":159,"column":0},"end":{"line":159,"column":22}},"159":{"start":{"line":160,"column":0},"end":{"line":160,"column":5}},"160":{"start":{"line":161,"column":0},"end":{"line":161,"column":5}},"162":{"start":{"line":163,"column":0},"end":{"line":163,"column":7}},"163":{"start":{"line":164,"column":0},"end":{"line":164,"column":25}},"164":{"start":{"line":165,"column":0},"end":{"line":165,"column":59}},"165":{"start":{"line":166,"column":0},"end":{"line":166,"column":23}},"166":{"start":{"line":167,"column":0},"end":{"line":167,"column":9}},"167":{"start":{"line":168,"column":0},"end":{"line":168,"column":54}},"169":{"start":{"line":170,"column":0},"end":{"line":170,"column":41}},"170":{"start":{"line":171,"column":0},"end":{"line":171,"column":58}},"171":{"start":{"line":172,"column":0},"end":{"line":172,"column":81}},"172":{"start":{"line":173,"column":0},"end":{"line":173,"column":75}},"173":{"start":{"line":174,"column":0},"end":{"line":174,"column":84}},"174":{"start":{"line":175,"column":0},"end":{"line":175,"column":18}},"175":{"start":{"line":176,"column":0},"end":{"line":176,"column":78}},"176":{"start":{"line":177,"column":0},"end":{"line":177,"column":8}},"177":{"start":{"line":178,"column":0},"end":{"line":178,"column":21}},"178":{"start":{"line":179,"column":0},"end":{"line":179,"column":55}},"179":{"start":{"line":180,"column":0},"end":{"line":180,"column":22}},"180":{"start":{"line":181,"column":0},"end":{"line":181,"column":5}},"181":{"start":{"line":182,"column":0},"end":{"line":182,"column":5}},"183":{"start":{"line":184,"column":0},"end":{"line":184,"column":7}},"184":{"start":{"line":185,"column":0},"end":{"line":185,"column":22}},"185":{"start":{"line":186,"column":0},"end":{"line":186,"column":54}},"186":{"start":{"line":187,"column":0},"end":{"line":187,"column":23}},"187":{"start":{"line":188,"column":0},"end":{"line":188,"column":9}},"188":{"start":{"line":189,"column":0},"end":{"line":189,"column":54}},"190":{"start":{"line":191,"column":0},"end":{"line":191,"column":43}},"191":{"start":{"line":192,"column":0},"end":{"line":192,"column":46}},"193":{"start":{"line":194,"column":0},"end":{"line":194,"column":74}},"194":{"start":{"line":195,"column":0},"end":{"line":195,"column":63}},"195":{"start":{"line":196,"column":0},"end":{"line":196,"column":56}},"196":{"start":{"line":197,"column":0},"end":{"line":197,"column":21}},"197":{"start":{"line":198,"column":0},"end":{"line":198,"column":49}},"198":{"start":{"line":199,"column":0},"end":{"line":199,"column":22}},"199":{"start":{"line":200,"column":0},"end":{"line":200,"column":5}},"200":{"start":{"line":201,"column":0},"end":{"line":201,"column":5}},"203":{"start":{"line":204,"column":0},"end":{"line":204,"column":33}},"204":{"start":{"line":205,"column":0},"end":{"line":205,"column":23}},"205":{"start":{"line":206,"column":0},"end":{"line":206,"column":74}},"207":{"start":{"line":208,"column":0},"end":{"line":208,"column":17}},"208":{"start":{"line":209,"column":0},"end":{"line":209,"column":22}},"209":{"start":{"line":210,"column":0},"end":{"line":210,"column":80}},"210":{"start":{"line":211,"column":0},"end":{"line":211,"column":17}},"211":{"start":{"line":212,"column":0},"end":{"line":212,"column":9}},"212":{"start":{"line":213,"column":0},"end":{"line":213,"column":43}},"213":{"start":{"line":214,"column":0},"end":{"line":214,"column":74}},"214":{"start":{"line":215,"column":0},"end":{"line":215,"column":21}},"215":{"start":{"line":216,"column":0},"end":{"line":216,"column":58}},"216":{"start":{"line":217,"column":0},"end":{"line":217,"column":22}},"217":{"start":{"line":218,"column":0},"end":{"line":218,"column":5}},"218":{"start":{"line":219,"column":0},"end":{"line":219,"column":5}},"220":{"start":{"line":221,"column":0},"end":{"line":221,"column":17}},"221":{"start":{"line":222,"column":0},"end":{"line":222,"column":20}},"222":{"start":{"line":223,"column":0},"end":{"line":223,"column":86}},"223":{"start":{"line":224,"column":0},"end":{"line":224,"column":62}},"224":{"start":{"line":225,"column":0},"end":{"line":225,"column":50}},"225":{"start":{"line":226,"column":0},"end":{"line":226,"column":9}},"226":{"start":{"line":227,"column":0},"end":{"line":227,"column":43}},"227":{"start":{"line":228,"column":0},"end":{"line":228,"column":74}},"228":{"start":{"line":229,"column":0},"end":{"line":229,"column":32}},"229":{"start":{"line":230,"column":0},"end":{"line":230,"column":62}},"230":{"start":{"line":231,"column":0},"end":{"line":231,"column":7}},"231":{"start":{"line":232,"column":0},"end":{"line":232,"column":21}},"232":{"start":{"line":233,"column":0},"end":{"line":233,"column":58}},"233":{"start":{"line":234,"column":0},"end":{"line":234,"column":22}},"234":{"start":{"line":235,"column":0},"end":{"line":235,"column":5}},"235":{"start":{"line":236,"column":0},"end":{"line":236,"column":5}},"238":{"start":{"line":239,"column":0},"end":{"line":239,"column":27}},"239":{"start":{"line":240,"column":0},"end":{"line":240,"column":17}},"240":{"start":{"line":241,"column":0},"end":{"line":241,"column":74}},"242":{"start":{"line":243,"column":0},"end":{"line":243,"column":11}},"243":{"start":{"line":244,"column":0},"end":{"line":244,"column":19}},"244":{"start":{"line":245,"column":0},"end":{"line":245,"column":73}},"245":{"start":{"line":246,"column":0},"end":{"line":246,"column":71}},"246":{"start":{"line":247,"column":0},"end":{"line":247,"column":52}},"247":{"start":{"line":248,"column":0},"end":{"line":248,"column":73}},"248":{"start":{"line":249,"column":0},"end":{"line":249,"column":71}},"249":{"start":{"line":250,"column":0},"end":{"line":250,"column":9}},"250":{"start":{"line":251,"column":0},"end":{"line":251,"column":80}},"251":{"start":{"line":252,"column":0},"end":{"line":252,"column":35}},"252":{"start":{"line":253,"column":0},"end":{"line":253,"column":62}},"253":{"start":{"line":254,"column":0},"end":{"line":254,"column":7}},"255":{"start":{"line":256,"column":0},"end":{"line":256,"column":48}},"256":{"start":{"line":257,"column":0},"end":{"line":257,"column":61}},"258":{"start":{"line":259,"column":0},"end":{"line":259,"column":51}},"259":{"start":{"line":260,"column":0},"end":{"line":260,"column":28}},"260":{"start":{"line":261,"column":0},"end":{"line":261,"column":24}},"261":{"start":{"line":262,"column":0},"end":{"line":262,"column":7}},"262":{"start":{"line":263,"column":0},"end":{"line":263,"column":21}},"263":{"start":{"line":264,"column":0},"end":{"line":264,"column":27}},"264":{"start":{"line":265,"column":0},"end":{"line":265,"column":23}},"265":{"start":{"line":266,"column":0},"end":{"line":266,"column":51}},"266":{"start":{"line":267,"column":0},"end":{"line":267,"column":8}},"267":{"start":{"line":268,"column":0},"end":{"line":268,"column":56}},"268":{"start":{"line":269,"column":0},"end":{"line":269,"column":22}},"269":{"start":{"line":270,"column":0},"end":{"line":270,"column":5}},"270":{"start":{"line":271,"column":0},"end":{"line":271,"column":5}},"272":{"start":{"line":273,"column":0},"end":{"line":273,"column":11}},"273":{"start":{"line":274,"column":0},"end":{"line":274,"column":20}},"274":{"start":{"line":275,"column":0},"end":{"line":275,"column":58}},"275":{"start":{"line":276,"column":0},"end":{"line":276,"column":57}},"276":{"start":{"line":277,"column":0},"end":{"line":277,"column":40}},"277":{"start":{"line":278,"column":0},"end":{"line":278,"column":9}},"278":{"start":{"line":279,"column":0},"end":{"line":279,"column":54}},"279":{"start":{"line":280,"column":0},"end":{"line":280,"column":48}},"280":{"start":{"line":281,"column":0},"end":{"line":281,"column":68}},"282":{"start":{"line":283,"column":0},"end":{"line":283,"column":51}},"283":{"start":{"line":284,"column":0},"end":{"line":284,"column":28}},"284":{"start":{"line":285,"column":0},"end":{"line":285,"column":24}},"285":{"start":{"line":286,"column":0},"end":{"line":286,"column":7}},"286":{"start":{"line":287,"column":0},"end":{"line":287,"column":21}},"287":{"start":{"line":288,"column":0},"end":{"line":288,"column":27}},"288":{"start":{"line":289,"column":0},"end":{"line":289,"column":23}},"289":{"start":{"line":290,"column":0},"end":{"line":290,"column":56}},"290":{"start":{"line":291,"column":0},"end":{"line":291,"column":8}},"291":{"start":{"line":292,"column":0},"end":{"line":292,"column":56}},"292":{"start":{"line":293,"column":0},"end":{"line":293,"column":22}},"293":{"start":{"line":294,"column":0},"end":{"line":294,"column":5}},"294":{"start":{"line":295,"column":0},"end":{"line":295,"column":5}},"296":{"start":{"line":297,"column":0},"end":{"line":297,"column":11}},"297":{"start":{"line":298,"column":0},"end":{"line":298,"column":18}},"298":{"start":{"line":299,"column":0},"end":{"line":299,"column":72}},"299":{"start":{"line":300,"column":0},"end":{"line":300,"column":59}},"300":{"start":{"line":301,"column":0},"end":{"line":301,"column":40}},"301":{"start":{"line":302,"column":0},"end":{"line":302,"column":9}},"302":{"start":{"line":303,"column":0},"end":{"line":303,"column":54}},"303":{"start":{"line":304,"column":0},"end":{"line":304,"column":48}},"304":{"start":{"line":305,"column":0},"end":{"line":305,"column":66}},"306":{"start":{"line":307,"column":0},"end":{"line":307,"column":51}},"307":{"start":{"line":308,"column":0},"end":{"line":308,"column":28}},"308":{"start":{"line":309,"column":0},"end":{"line":309,"column":24}},"309":{"start":{"line":310,"column":0},"end":{"line":310,"column":7}},"310":{"start":{"line":311,"column":0},"end":{"line":311,"column":21}},"311":{"start":{"line":312,"column":0},"end":{"line":312,"column":27}},"312":{"start":{"line":313,"column":0},"end":{"line":313,"column":23}},"313":{"start":{"line":314,"column":0},"end":{"line":314,"column":53}},"314":{"start":{"line":315,"column":0},"end":{"line":315,"column":8}},"315":{"start":{"line":316,"column":0},"end":{"line":316,"column":56}},"316":{"start":{"line":317,"column":0},"end":{"line":317,"column":22}},"317":{"start":{"line":318,"column":0},"end":{"line":318,"column":5}},"318":{"start":{"line":319,"column":0},"end":{"line":319,"column":5}},"320":{"start":{"line":321,"column":0},"end":{"line":321,"column":11}},"321":{"start":{"line":322,"column":0},"end":{"line":322,"column":18}},"322":{"start":{"line":323,"column":0},"end":{"line":323,"column":70}},"323":{"start":{"line":324,"column":0},"end":{"line":324,"column":48}},"324":{"start":{"line":325,"column":0},"end":{"line":325,"column":40}},"325":{"start":{"line":326,"column":0},"end":{"line":326,"column":9}},"326":{"start":{"line":327,"column":0},"end":{"line":327,"column":54}},"327":{"start":{"line":328,"column":0},"end":{"line":328,"column":48}},"328":{"start":{"line":329,"column":0},"end":{"line":329,"column":63}},"330":{"start":{"line":331,"column":0},"end":{"line":331,"column":51}},"331":{"start":{"line":332,"column":0},"end":{"line":332,"column":28}},"332":{"start":{"line":333,"column":0},"end":{"line":333,"column":24}},"333":{"start":{"line":334,"column":0},"end":{"line":334,"column":7}},"334":{"start":{"line":335,"column":0},"end":{"line":335,"column":21}},"335":{"start":{"line":336,"column":0},"end":{"line":336,"column":83}},"336":{"start":{"line":337,"column":0},"end":{"line":337,"column":56}},"337":{"start":{"line":338,"column":0},"end":{"line":338,"column":22}},"338":{"start":{"line":339,"column":0},"end":{"line":339,"column":5}},"339":{"start":{"line":340,"column":0},"end":{"line":340,"column":5}},"341":{"start":{"line":342,"column":0},"end":{"line":342,"column":11}},"342":{"start":{"line":343,"column":0},"end":{"line":343,"column":19}},"343":{"start":{"line":344,"column":0},"end":{"line":344,"column":77}},"344":{"start":{"line":345,"column":0},"end":{"line":345,"column":48}},"345":{"start":{"line":346,"column":0},"end":{"line":346,"column":40}},"346":{"start":{"line":347,"column":0},"end":{"line":347,"column":9}},"347":{"start":{"line":348,"column":0},"end":{"line":348,"column":54}},"348":{"start":{"line":349,"column":0},"end":{"line":349,"column":48}},"349":{"start":{"line":350,"column":0},"end":{"line":350,"column":64}},"351":{"start":{"line":352,"column":0},"end":{"line":352,"column":51}},"352":{"start":{"line":353,"column":0},"end":{"line":353,"column":28}},"353":{"start":{"line":354,"column":0},"end":{"line":354,"column":24}},"354":{"start":{"line":355,"column":0},"end":{"line":355,"column":7}},"355":{"start":{"line":356,"column":0},"end":{"line":356,"column":21}},"356":{"start":{"line":357,"column":0},"end":{"line":357,"column":27}},"357":{"start":{"line":358,"column":0},"end":{"line":358,"column":23}},"358":{"start":{"line":359,"column":0},"end":{"line":359,"column":51}},"359":{"start":{"line":360,"column":0},"end":{"line":360,"column":8}},"360":{"start":{"line":361,"column":0},"end":{"line":361,"column":56}},"361":{"start":{"line":362,"column":0},"end":{"line":362,"column":22}},"362":{"start":{"line":363,"column":0},"end":{"line":363,"column":5}},"363":{"start":{"line":364,"column":0},"end":{"line":364,"column":5}},"365":{"start":{"line":366,"column":0},"end":{"line":366,"column":11}},"366":{"start":{"line":367,"column":0},"end":{"line":367,"column":21}},"367":{"start":{"line":368,"column":0},"end":{"line":368,"column":56}},"368":{"start":{"line":369,"column":0},"end":{"line":369,"column":59}},"369":{"start":{"line":370,"column":0},"end":{"line":370,"column":40}},"370":{"start":{"line":371,"column":0},"end":{"line":371,"column":9}},"371":{"start":{"line":372,"column":0},"end":{"line":372,"column":54}},"372":{"start":{"line":373,"column":0},"end":{"line":373,"column":48}},"373":{"start":{"line":374,"column":0},"end":{"line":374,"column":66}},"375":{"start":{"line":376,"column":0},"end":{"line":376,"column":51}},"376":{"start":{"line":377,"column":0},"end":{"line":377,"column":28}},"377":{"start":{"line":378,"column":0},"end":{"line":378,"column":24}},"378":{"start":{"line":379,"column":0},"end":{"line":379,"column":7}},"379":{"start":{"line":380,"column":0},"end":{"line":380,"column":21}},"380":{"start":{"line":381,"column":0},"end":{"line":381,"column":27}},"381":{"start":{"line":382,"column":0},"end":{"line":382,"column":23}},"382":{"start":{"line":383,"column":0},"end":{"line":383,"column":53}},"383":{"start":{"line":384,"column":0},"end":{"line":384,"column":8}},"384":{"start":{"line":385,"column":0},"end":{"line":385,"column":56}},"385":{"start":{"line":386,"column":0},"end":{"line":386,"column":22}},"386":{"start":{"line":387,"column":0},"end":{"line":387,"column":5}},"387":{"start":{"line":388,"column":0},"end":{"line":388,"column":5}},"389":{"start":{"line":390,"column":0},"end":{"line":390,"column":11}},"390":{"start":{"line":391,"column":0},"end":{"line":391,"column":18}},"391":{"start":{"line":392,"column":0},"end":{"line":392,"column":51}},"392":{"start":{"line":393,"column":0},"end":{"line":393,"column":23}},"393":{"start":{"line":394,"column":0},"end":{"line":394,"column":9}},"394":{"start":{"line":395,"column":0},"end":{"line":395,"column":54}},"395":{"start":{"line":396,"column":0},"end":{"line":396,"column":48}},"396":{"start":{"line":397,"column":0},"end":{"line":397,"column":57}},"398":{"start":{"line":399,"column":0},"end":{"line":399,"column":51}},"399":{"start":{"line":400,"column":0},"end":{"line":400,"column":28}},"400":{"start":{"line":401,"column":0},"end":{"line":401,"column":24}},"401":{"start":{"line":402,"column":0},"end":{"line":402,"column":7}},"402":{"start":{"line":403,"column":0},"end":{"line":403,"column":21}},"403":{"start":{"line":404,"column":0},"end":{"line":404,"column":27}},"404":{"start":{"line":405,"column":0},"end":{"line":405,"column":23}},"405":{"start":{"line":406,"column":0},"end":{"line":406,"column":51}},"406":{"start":{"line":407,"column":0},"end":{"line":407,"column":8}},"407":{"start":{"line":408,"column":0},"end":{"line":408,"column":56}},"408":{"start":{"line":409,"column":0},"end":{"line":409,"column":22}},"409":{"start":{"line":410,"column":0},"end":{"line":410,"column":5}},"410":{"start":{"line":411,"column":0},"end":{"line":411,"column":5}},"412":{"start":{"line":413,"column":0},"end":{"line":413,"column":11}},"413":{"start":{"line":414,"column":0},"end":{"line":414,"column":19}},"414":{"start":{"line":415,"column":0},"end":{"line":415,"column":78}},"415":{"start":{"line":416,"column":0},"end":{"line":416,"column":23}},"416":{"start":{"line":417,"column":0},"end":{"line":417,"column":9}},"417":{"start":{"line":418,"column":0},"end":{"line":418,"column":54}},"418":{"start":{"line":419,"column":0},"end":{"line":419,"column":61}},"420":{"start":{"line":421,"column":0},"end":{"line":421,"column":22}},"421":{"start":{"line":422,"column":0},"end":{"line":422,"column":22}},"422":{"start":{"line":423,"column":0},"end":{"line":423,"column":25}},"423":{"start":{"line":424,"column":0},"end":{"line":424,"column":17}},"424":{"start":{"line":425,"column":0},"end":{"line":425,"column":26}},"425":{"start":{"line":426,"column":0},"end":{"line":426,"column":26}},"426":{"start":{"line":427,"column":0},"end":{"line":427,"column":30}},"427":{"start":{"line":428,"column":0},"end":{"line":428,"column":42}},"428":{"start":{"line":429,"column":0},"end":{"line":429,"column":14}},"429":{"start":{"line":430,"column":0},"end":{"line":430,"column":12}},"430":{"start":{"line":431,"column":0},"end":{"line":431,"column":26}},"431":{"start":{"line":432,"column":0},"end":{"line":432,"column":20}},"432":{"start":{"line":433,"column":0},"end":{"line":433,"column":33}},"433":{"start":{"line":434,"column":0},"end":{"line":434,"column":10}},"434":{"start":{"line":435,"column":0},"end":{"line":435,"column":8}},"435":{"start":{"line":436,"column":0},"end":{"line":436,"column":51}},"436":{"start":{"line":437,"column":0},"end":{"line":437,"column":21}},"437":{"start":{"line":438,"column":0},"end":{"line":438,"column":27}},"438":{"start":{"line":439,"column":0},"end":{"line":439,"column":23}},"439":{"start":{"line":440,"column":0},"end":{"line":440,"column":52}},"440":{"start":{"line":441,"column":0},"end":{"line":441,"column":8}},"441":{"start":{"line":442,"column":0},"end":{"line":442,"column":56}},"442":{"start":{"line":443,"column":0},"end":{"line":443,"column":22}},"443":{"start":{"line":444,"column":0},"end":{"line":444,"column":5}},"444":{"start":{"line":445,"column":0},"end":{"line":445,"column":5}},"446":{"start":{"line":447,"column":0},"end":{"line":447,"column":11}},"447":{"start":{"line":448,"column":0},"end":{"line":448,"column":18}},"448":{"start":{"line":449,"column":0},"end":{"line":449,"column":80}},"449":{"start":{"line":450,"column":0},"end":{"line":450,"column":10}},"450":{"start":{"line":451,"column":0},"end":{"line":451,"column":32}},"451":{"start":{"line":452,"column":0},"end":{"line":452,"column":66}},"452":{"start":{"line":453,"column":0},"end":{"line":453,"column":3}},"453":{"start":{"line":454,"column":0},"end":{"line":454,"column":56}},"454":{"start":{"line":455,"column":0},"end":{"line":455,"column":9}},"455":{"start":{"line":456,"column":0},"end":{"line":456,"column":36}},"456":{"start":{"line":457,"column":0},"end":{"line":457,"column":40}},"458":{"start":{"line":459,"column":0},"end":{"line":459,"column":68}},"460":{"start":{"line":461,"column":0},"end":{"line":461,"column":42}},"461":{"start":{"line":462,"column":0},"end":{"line":462,"column":24}},"462":{"start":{"line":463,"column":0},"end":{"line":463,"column":24}},"463":{"start":{"line":464,"column":0},"end":{"line":464,"column":36}},"464":{"start":{"line":465,"column":0},"end":{"line":465,"column":54}},"465":{"start":{"line":466,"column":0},"end":{"line":466,"column":38}},"466":{"start":{"line":467,"column":0},"end":{"line":467,"column":66}},"467":{"start":{"line":468,"column":0},"end":{"line":468,"column":10}},"468":{"start":{"line":469,"column":0},"end":{"line":469,"column":53}},"469":{"start":{"line":470,"column":0},"end":{"line":470,"column":14}},"470":{"start":{"line":471,"column":0},"end":{"line":471,"column":24}},"471":{"start":{"line":472,"column":0},"end":{"line":472,"column":24}},"472":{"start":{"line":473,"column":0},"end":{"line":473,"column":28}},"473":{"start":{"line":474,"column":0},"end":{"line":474,"column":46}},"474":{"start":{"line":475,"column":0},"end":{"line":475,"column":38}},"475":{"start":{"line":476,"column":0},"end":{"line":476,"column":66}},"476":{"start":{"line":477,"column":0},"end":{"line":477,"column":10}},"477":{"start":{"line":478,"column":0},"end":{"line":478,"column":53}},"478":{"start":{"line":479,"column":0},"end":{"line":479,"column":7}},"479":{"start":{"line":480,"column":0},"end":{"line":480,"column":21}},"480":{"start":{"line":481,"column":0},"end":{"line":481,"column":87}},"481":{"start":{"line":482,"column":0},"end":{"line":482,"column":56}},"482":{"start":{"line":483,"column":0},"end":{"line":483,"column":22}},"483":{"start":{"line":484,"column":0},"end":{"line":484,"column":5}},"484":{"start":{"line":485,"column":0},"end":{"line":485,"column":5}},"486":{"start":{"line":487,"column":0},"end":{"line":487,"column":11}},"487":{"start":{"line":488,"column":0},"end":{"line":488,"column":29}},"488":{"start":{"line":489,"column":0},"end":{"line":489,"column":68}},"489":{"start":{"line":490,"column":0},"end":{"line":490,"column":23}},"490":{"start":{"line":491,"column":0},"end":{"line":491,"column":9}},"491":{"start":{"line":492,"column":0},"end":{"line":492,"column":71}},"492":{"start":{"line":493,"column":0},"end":{"line":493,"column":46}},"494":{"start":{"line":495,"column":0},"end":{"line":495,"column":22}},"495":{"start":{"line":496,"column":0},"end":{"line":496,"column":22}},"496":{"start":{"line":497,"column":0},"end":{"line":497,"column":50}},"497":{"start":{"line":498,"column":0},"end":{"line":498,"column":31}},"498":{"start":{"line":499,"column":0},"end":{"line":499,"column":45}},"499":{"start":{"line":500,"column":0},"end":{"line":500,"column":45}},"500":{"start":{"line":501,"column":0},"end":{"line":501,"column":54}},"501":{"start":{"line":502,"column":0},"end":{"line":502,"column":51}},"502":{"start":{"line":503,"column":0},"end":{"line":503,"column":12}},"503":{"start":{"line":504,"column":0},"end":{"line":504,"column":8}},"504":{"start":{"line":505,"column":0},"end":{"line":505,"column":51}},"505":{"start":{"line":506,"column":0},"end":{"line":506,"column":21}},"506":{"start":{"line":507,"column":0},"end":{"line":507,"column":27}},"507":{"start":{"line":508,"column":0},"end":{"line":508,"column":23}},"508":{"start":{"line":509,"column":0},"end":{"line":509,"column":53}},"509":{"start":{"line":510,"column":0},"end":{"line":510,"column":8}},"510":{"start":{"line":511,"column":0},"end":{"line":511,"column":56}},"511":{"start":{"line":512,"column":0},"end":{"line":512,"column":22}},"512":{"start":{"line":513,"column":0},"end":{"line":513,"column":5}},"513":{"start":{"line":514,"column":0},"end":{"line":514,"column":5}},"515":{"start":{"line":516,"column":0},"end":{"line":516,"column":11}},"516":{"start":{"line":517,"column":0},"end":{"line":517,"column":28}},"517":{"start":{"line":518,"column":0},"end":{"line":518,"column":65}},"518":{"start":{"line":519,"column":0},"end":{"line":519,"column":54}},"519":{"start":{"line":520,"column":0},"end":{"line":520,"column":35}},"520":{"start":{"line":521,"column":0},"end":{"line":521,"column":9}},"521":{"start":{"line":522,"column":0},"end":{"line":522,"column":71}},"522":{"start":{"line":523,"column":0},"end":{"line":523,"column":46}},"523":{"start":{"line":524,"column":0},"end":{"line":524,"column":62}},"525":{"start":{"line":526,"column":0},"end":{"line":526,"column":23}},"526":{"start":{"line":527,"column":0},"end":{"line":527,"column":87}},"527":{"start":{"line":528,"column":0},"end":{"line":528,"column":58}},"528":{"start":{"line":529,"column":0},"end":{"line":529,"column":24}},"529":{"start":{"line":530,"column":0},"end":{"line":530,"column":15}},"530":{"start":{"line":531,"column":0},"end":{"line":531,"column":7}},"532":{"start":{"line":533,"column":0},"end":{"line":533,"column":22}},"533":{"start":{"line":534,"column":0},"end":{"line":534,"column":22}},"534":{"start":{"line":535,"column":0},"end":{"line":535,"column":20}},"535":{"start":{"line":536,"column":0},"end":{"line":536,"column":31}},"536":{"start":{"line":537,"column":0},"end":{"line":537,"column":45}},"537":{"start":{"line":538,"column":0},"end":{"line":538,"column":45}},"538":{"start":{"line":539,"column":0},"end":{"line":539,"column":54}},"539":{"start":{"line":540,"column":0},"end":{"line":540,"column":39}},"540":{"start":{"line":541,"column":0},"end":{"line":541,"column":10}},"541":{"start":{"line":542,"column":0},"end":{"line":542,"column":8}},"542":{"start":{"line":543,"column":0},"end":{"line":543,"column":51}},"543":{"start":{"line":544,"column":0},"end":{"line":544,"column":21}},"544":{"start":{"line":545,"column":0},"end":{"line":545,"column":27}},"545":{"start":{"line":546,"column":0},"end":{"line":546,"column":23}},"546":{"start":{"line":547,"column":0},"end":{"line":547,"column":52}},"547":{"start":{"line":548,"column":0},"end":{"line":548,"column":8}},"548":{"start":{"line":549,"column":0},"end":{"line":549,"column":56}},"549":{"start":{"line":550,"column":0},"end":{"line":550,"column":22}},"550":{"start":{"line":551,"column":0},"end":{"line":551,"column":5}},"551":{"start":{"line":552,"column":0},"end":{"line":552,"column":5}},"553":{"start":{"line":554,"column":0},"end":{"line":554,"column":11}},"554":{"start":{"line":555,"column":0},"end":{"line":555,"column":27}},"555":{"start":{"line":556,"column":0},"end":{"line":556,"column":56}},"556":{"start":{"line":557,"column":0},"end":{"line":557,"column":53}},"557":{"start":{"line":558,"column":0},"end":{"line":558,"column":70}},"558":{"start":{"line":559,"column":0},"end":{"line":559,"column":69}},"559":{"start":{"line":560,"column":0},"end":{"line":560,"column":9}},"560":{"start":{"line":561,"column":0},"end":{"line":561,"column":71}},"561":{"start":{"line":562,"column":0},"end":{"line":562,"column":46}},"562":{"start":{"line":563,"column":0},"end":{"line":563,"column":62}},"564":{"start":{"line":565,"column":0},"end":{"line":565,"column":23}},"565":{"start":{"line":566,"column":0},"end":{"line":566,"column":87}},"566":{"start":{"line":567,"column":0},"end":{"line":567,"column":58}},"567":{"start":{"line":568,"column":0},"end":{"line":568,"column":24}},"568":{"start":{"line":569,"column":0},"end":{"line":569,"column":15}},"569":{"start":{"line":570,"column":0},"end":{"line":570,"column":7}},"571":{"start":{"line":572,"column":0},"end":{"line":572,"column":22}},"572":{"start":{"line":573,"column":0},"end":{"line":573,"column":22}},"573":{"start":{"line":574,"column":0},"end":{"line":574,"column":34}},"574":{"start":{"line":575,"column":0},"end":{"line":575,"column":49}},"575":{"start":{"line":576,"column":0},"end":{"line":576,"column":52}},"576":{"start":{"line":577,"column":0},"end":{"line":577,"column":34}},"577":{"start":{"line":578,"column":0},"end":{"line":578,"column":8}},"578":{"start":{"line":579,"column":0},"end":{"line":579,"column":51}},"579":{"start":{"line":580,"column":0},"end":{"line":580,"column":21}},"580":{"start":{"line":581,"column":0},"end":{"line":581,"column":27}},"581":{"start":{"line":582,"column":0},"end":{"line":582,"column":23}},"582":{"start":{"line":583,"column":0},"end":{"line":583,"column":51}},"583":{"start":{"line":584,"column":0},"end":{"line":584,"column":8}},"584":{"start":{"line":585,"column":0},"end":{"line":585,"column":56}},"585":{"start":{"line":586,"column":0},"end":{"line":586,"column":22}},"586":{"start":{"line":587,"column":0},"end":{"line":587,"column":5}},"587":{"start":{"line":588,"column":0},"end":{"line":588,"column":5}},"589":{"start":{"line":590,"column":0},"end":{"line":590,"column":11}},"590":{"start":{"line":591,"column":0},"end":{"line":591,"column":30}},"591":{"start":{"line":592,"column":0},"end":{"line":592,"column":15}},"592":{"start":{"line":593,"column":0},"end":{"line":593,"column":79}},"593":{"start":{"line":594,"column":0},"end":{"line":594,"column":3}},"594":{"start":{"line":595,"column":0},"end":{"line":595,"column":23}},"595":{"start":{"line":596,"column":0},"end":{"line":596,"column":9}},"596":{"start":{"line":597,"column":0},"end":{"line":597,"column":22}},"597":{"start":{"line":598,"column":0},"end":{"line":598,"column":22}},"598":{"start":{"line":599,"column":0},"end":{"line":599,"column":21}},"599":{"start":{"line":600,"column":0},"end":{"line":600,"column":19}},"600":{"start":{"line":601,"column":0},"end":{"line":601,"column":49}},"601":{"start":{"line":602,"column":0},"end":{"line":602,"column":8}},"602":{"start":{"line":603,"column":0},"end":{"line":603,"column":51}},"603":{"start":{"line":604,"column":0},"end":{"line":604,"column":21}},"604":{"start":{"line":605,"column":0},"end":{"line":605,"column":27}},"605":{"start":{"line":606,"column":0},"end":{"line":606,"column":23}},"606":{"start":{"line":607,"column":0},"end":{"line":607,"column":54}},"607":{"start":{"line":608,"column":0},"end":{"line":608,"column":8}},"608":{"start":{"line":609,"column":0},"end":{"line":609,"column":56}},"609":{"start":{"line":610,"column":0},"end":{"line":610,"column":22}},"610":{"start":{"line":611,"column":0},"end":{"line":611,"column":5}},"611":{"start":{"line":612,"column":0},"end":{"line":612,"column":5}},"613":{"start":{"line":614,"column":0},"end":{"line":614,"column":11}},"614":{"start":{"line":615,"column":0},"end":{"line":615,"column":30}},"615":{"start":{"line":616,"column":0},"end":{"line":616,"column":86}},"616":{"start":{"line":617,"column":0},"end":{"line":617,"column":23}},"617":{"start":{"line":618,"column":0},"end":{"line":618,"column":9}},"618":{"start":{"line":619,"column":0},"end":{"line":619,"column":22}},"619":{"start":{"line":620,"column":0},"end":{"line":620,"column":22}},"620":{"start":{"line":621,"column":0},"end":{"line":621,"column":29}},"621":{"start":{"line":622,"column":0},"end":{"line":622,"column":46}},"622":{"start":{"line":623,"column":0},"end":{"line":623,"column":8}},"623":{"start":{"line":624,"column":0},"end":{"line":624,"column":51}},"624":{"start":{"line":625,"column":0},"end":{"line":625,"column":21}},"625":{"start":{"line":626,"column":0},"end":{"line":626,"column":27}},"626":{"start":{"line":627,"column":0},"end":{"line":627,"column":23}},"627":{"start":{"line":628,"column":0},"end":{"line":628,"column":54}},"628":{"start":{"line":629,"column":0},"end":{"line":629,"column":8}},"629":{"start":{"line":630,"column":0},"end":{"line":630,"column":56}},"630":{"start":{"line":631,"column":0},"end":{"line":631,"column":22}},"631":{"start":{"line":632,"column":0},"end":{"line":632,"column":5}},"632":{"start":{"line":633,"column":0},"end":{"line":633,"column":5}},"634":{"start":{"line":635,"column":0},"end":{"line":635,"column":11}},"635":{"start":{"line":636,"column":0},"end":{"line":636,"column":30}},"636":{"start":{"line":637,"column":0},"end":{"line":637,"column":15}},"637":{"start":{"line":638,"column":0},"end":{"line":638,"column":85}},"638":{"start":{"line":639,"column":0},"end":{"line":639,"column":3}},"639":{"start":{"line":640,"column":0},"end":{"line":640,"column":56}},"640":{"start":{"line":641,"column":0},"end":{"line":641,"column":68}},"641":{"start":{"line":642,"column":0},"end":{"line":642,"column":63}},"642":{"start":{"line":643,"column":0},"end":{"line":643,"column":9}},"643":{"start":{"line":644,"column":0},"end":{"line":644,"column":22}},"644":{"start":
[...]
0,"176":0,"177":0,"179":2,"181":2,"182":2,"183":2,"185":2,"186":2,"187":2,"189":2,"190":2,"191":2,"192":2,"193":2,"194":2,"195":2,"197":2,"199":2,"200":2,"201":2,"202":0,"203":0,"204":0,"206":2,"209":2,"210":26,"211":26,"213":2,"214":4,"215":4,"216":4,"218":2,"219":7,"220":7,"221":7,"222":7,"223":7,"224":0,"225":0,"226":7,"228":2,"229":10,"230":10,"232":2,"233":7,"234":7,"236":2,"237":17,"238":17,"239":17,"241":17,"242":17,"243":17,"244":0,"245":0,"246":17,"247":2},"branchMap":{"0":{"type":"branch","line":9,"loc":{"start":{"line":9,"column":29},"end":{"line":248,"column":1}},"locations":[{"start":{"line":9,"column":29},"end":{"line":248,"column":1}}]},"1":{"type":"branch","line":12,"loc":{"start":{"line":12,"column":2},"end":{"line":14,"column":3}},"locations":[{"start":{"line":12,"column":2},"end":{"line":14,"column":3}}]},"2":{"type":"branch","line":16,"loc":{"start":{"line":16,"column":2},"end":{"line":44,"column":3}},"locations":[{"start":{"line":16,"column":2},"end":{"line":44,"column":3}}]},"3":{"type":"branch","line":37,"loc":{"start":{"line":37,"column":45},"end":{"line":41,"column":5}},"locations":[{"start":{"line":37,"column":45},"end":{"line":41,"column":5}}]},"4":{"type":"branch","line":38,"loc":{"start":{"line":38,"column":44},"end":{"line":40,"column":7}},"locations":[{"start":{"line":38,"column":44},"end":{"line":40,"column":7}}]},"5":{"type":"branch","line":41,"loc":{"start":{"line":41,"column":4},"end":{"line":43,"column":21}},"locations":[{"start":{"line":41,"column":4},"end":{"line":43,"column":21}}]},"6":{"type":"branch","line":46,"loc":{"start":{"line":46,"column":2},"end":{"line":60,"column":3}},"locations":[{"start":{"line":46,"column":2},"end":{"line":60,"column":3}}]},"7":{"type":"branch","line":62,"loc":{"start":{"line":62,"column":10},"end":{"line":94,"column":3}},"locations":[{"start":{"line":62,"column":10},"end":{"line":94,"column":3}}]},"8":{"type":"branch","line":65,"loc":{"start":{"line":65,"column":31},"end":{"line":67,"column":5}},"locations":[{"start":{"line":65,"column":31},"end":{"line":67,"column":5}}]},"9":{"type":"branch","line":69,"loc":{"start":{"line":69,"column":30},"end":{"line":71,"column":5}},"locations":[{"start":{"line":69,"column":30},"end":{"line":71,"column":5}}]},"10":{"type":"branch","line":73,"loc":{"start":{"line":73,"column":30},"end":{"line":75,"column":5}},"locations":[{"start":{"line":73,"column":30},"end":{"line":75,"column":5}}]},"11":{"type":"branch","line":77,"loc":{"start":{"line":77,"column":32},"end":{"line":79,"column":5}},"locations":[{"start":{"line":77,"column":32},"end":{"line":79,"column":5}}]},"12":{"type":"branch","line":81,"loc":{"start":{"line":81,"column":33},"end":{"line":83,"column":5}},"locations":[{"start":{"line":81,"column":33},"end":{"line":83,"column":5}}]},"13":{"type":"branch","line":85,"loc":{"start":{"line":85,"column":36},"end":{"line":87,"column":5}},"locations":[{"start":{"line":85,"column":36},"end":{"line":87,"column":5}}]},"14":{"type":"branch","line":96,"loc":{"start":{"line":96,"column":10},"end":{"line":108,"column":3}},"locations":[{"start":{"line":96,"column":10},"end":{"line":108,"column":3}}]},"15":{"type":"branch","line":99,"loc":{"start":{"line":99,"column":30},"end":{"line":101,"column":5}},"locations":[{"start":{"line":99,"column":30},"end":{"line":101,"column":5}}]},"16":{"type":"branch","line":103,"loc":{"start":{"line":103,"column":28},"end":{"line":105,"column":5}},"locations":[{"start":{"line":103,"column":28},"end":{"line":105,"column":5}}]},"17":{"type":"branch","line":110,"loc":{"start":{"line":110,"column":10},"end":{"line":122,"column":3}},"locations":[{"start":{"line":110,"column":10},"end":{"line":122,"column":3}}]},"18":{"type":"branch","line":113,"loc":{"start":{"line":113,"column":29},"end":{"line":115,"column":5}},"locations":[{"start":{"line":113,"column":29},"end":{"line":115,"column":5}}]},"19":{"type":"branch","line":125,"loc":{"start":{"line":125,"column":10},"end":{"line":131,"column":3}},"locations":[{"start":{"line":125,"column":10},"end":{"line":131,"column":3}}]},"20":{"type":"branch","line":133,"loc":{"start":{"line":133,"column":10},"end":{"line":139,"column":3}},"locations":[{"start":{"line":133,"column":10},"end":{"line":139,"column":3}}]},"21":{"type":"branch","line":141,"loc":{"start":{"line":141,"column":10},"end":{"line":147,"column":3}},"locations":[{"start":{"line":141,"column":10},"end":{"line":147,"column":3}}]},"22":{"type":"branch","line":149,"loc":{"start":{"line":149,"column":10},"end":{"line":155,"column":3}},"locations":[{"start":{"line":149,"column":10},"end":{"line":155,"column":3}}]},"23":{"type":"branch","line":157,"loc":{"start":{"line":157,"column":10},"end":{"line":163,"column":3}},"locations":[{"start":{"line":157,"column":10},"end":{"line":163,"column":3}}]},"24":{"type":"branch","line":165,"loc":{"start":{"line":165,"column":10},"end":{"line":171,"column":3}},"locations":[{"start":{"line":165,"column":10},"end":{"line":171,"column":3}}]},"25":{"type":"branch","line":167,"loc":{"start":{"line":167,"column":34},"end":{"line":168,"column":44}},"locations":[{"start":{"line":167,"column":34},"end":{"line":168,"column":44}}]},"26":{"type":"branch","line":168,"loc":{"start":{"line":168,"column":40},"end":{"line":169,"column":27}},"locations":[{"start":{"line":168,"column":40},"end":{"line":169,"column":27}}]},"27":{"type":"branch","line":173,"loc":{"start":{"line":173,"column":10},"end":{"line":180,"column":3}},"locations":[{"start":{"line":173,"column":10},"end":{"line":180,"column":3}}]},"28":{"type":"branch","line":175,"loc":{"start":{"line":175,"column":33},"end":{"line":176,"column":30}},"locations":[{"start":{"line":175,"column":33},"end":{"line":176,"column":30}}]},"29":{"type":"branch","line":176,"loc":{"start":{"line":176,"column":26},"end":{"line":177,"column":34}},"locations":[{"start":{"line":176,"column":26},"end":{"line":177,"column":34}}]},"30":{"type":"branch","line":177,"loc":{"start":{"line":177,"column":30},"end":{"line":178,"column":39}},"locations":[{"start":{"line":177,"column":30},"end":{"line":178,"column":39}}]},"31":{"type":"branch","line":182,"loc":{"start":{"line":182,"column":10},"end":{"line":184,"column":3}},"locations":[{"start":{"line":182,"column":10},"end":{"line":184,"column":3}}]},"32":{"type":"branch","line":186,"loc":{"start":{"line":186,"column":10},"end":{"line":188,"column":3}},"locations":[{"start":{"line":186,"column":10},"end":{"line":188,"column":3}}]},"33":{"type":"branch","line":190,"loc":{"start":{"line":190,"column":10},"end":{"line":198,"column":3}},"locations":[{"start":{"line":190,"column":10},"end":{"line":198,"column":3}}]},"34":{"type":"branch","line":200,"loc":{"start":{"line":200,"column":10},"end":{"line":207,"column":3}},"locations":[{"start":{"line":200,"column":10},"end":{"line":207,"column":3}}]},"35":{"type":"branch","line":202,"loc":{"start":{"line":202,"column":33},"end":{"line":203,"column":37}},"locations":[{"start":{"line":202,"column":33},"end":{"line":203,"column":37}}]},"36":{"type":"branch","line":203,"loc":{"start":{"line":203,"column":33},"end":{"line":204,"column":34}},"locations":[{"start":{"line":203,"column":33},"end":{"line":204,"column":34}}]},"37":{"type":"branch","line":204,"loc":{"start":{"line":204,"column":30},"end":{"line":205,"column":36}},"locations":[{"start":{"line":204,"column":30},"end":{"line":205,"column":36}}]},"38":{"type":"branch","line":210,"loc":{"start":{"line":210,"column":10},"end":{"line":212,"column":3}},"locations":[{"start":{"line":210,"column":10},"end":{"line":212,"column":3}}]},"39":{"type":"branch","line":214,"loc":{"start":{"line":214,"column":10},"end":{"line":217,"column":3}},"locations":[{"start":{"line":214,"column":10},"end":{"line":217,"column":3}}]},"40":{"type":"branch","line":216,"loc":{"start":{"line":216,"column":32},"end":{"line":216,"column":72}},"locations":[{"start":{"line":216,"column":32},"end":{"line":216,"column":72}}]},"41":{"type":"branch","line":219,"loc":{"start":{"line":219,"column":10},"end":{"line":227,"column":3}},"locations":[{"start":{"line":219,"column":10},"end":{"line":227,"column":3}}]},"42":{"type":"branch","line":224,"loc":{"start":{"line":224,"column":4},"end":{"line":226,"column":5}},"locations":[{"start":{"line":224,"column":4},"end":{"line":226,"column":5}}]},"43":{"type":"branch","line":223,"loc":{"start":{"line":223,"column":24},"end":{"line":223,"column":48}},"locations":[{"start":{"line":223,"column":24},"end":{"line":223,"column":48}}]},"44":{"type":"branch","line":229,"loc":{"start":{"line":229,"column":10},"end":{"line":231,"column":3}},"locations":[{"start":{"line":229,"column":10},"end":{"line":231,"column":3}}]},"45":{"type":"branch","line":233,"loc":{"start":{"line":233,"column":10},"end":{"line":235,"column":3}},"locations":[{"start":{"line":233,"column":10},"end":{"line":235,"column":3}}]},"46":{"type":"branch","line":237,"loc":{"start":{"line":237,"column":10},"end":{"line":247,"column":3}},"locations":[{"start":{"line":237,"column":10},"end":{"line":247,"column":3}}]},"47":{"type":"branch","line":240,"loc":{"start":{"line":240,"column":43},"end":{"line":240,"column":56}},"locations":[{"start":{"line":240,"column":43},"end":{"line":240,"column":56}}]},"48":{"type":"branch","line":243,"loc":{"start":{"line":243,"column":32},"end":{"line":243,"column":69}},"locations":[{"start":{"line":243,"column":32},"end":{"line":243,"column":69}}]},"49":{"type":"branch","line":244,"loc":{"start":{"line":244,"column":4},"end":{"line":246,"column":5}},"locations":[{"start":{"line":244,"column":4},"end":{"line":246,"column":5}}]}},"b":{"0":[2],"1":[2],"2":[2],"3":[15],"4":[2],"5":[0],"6":[2],"7":[2],"8":[0],"9":[0],"10":[0],"11":[0],"12":[0],"13":[1],"14":[2],"15":[0],"16":[0],"17":[2],"18":[0],"19":[2],"20":[2],"21":[2],"22":[2],"23":[2],"24":[2],"25":[1],"26":[1],"27":[2],"28":[0],"29":[0],"30":[0],"31":[2],"32":[2],"33":[2],"34":[2],"35":[0],"36":[0],"37":[0],"38":[26],"39":[4],"40":[0],"41":[7],"42":[0],"43":[14],"44":[10],"45":[7],"46":[17],"47":[0],"48":[3],"49":[0]},"fnMap":{"0":{"name":"<instance_members_initializer>","decl":{"start":{"line":9,"column":29},"end":{"line":248,"column":1}},"loc":{"start":{"line":9,"column":29},"end":{"line":248,"column":1}},"line":9},"1":{"name":"ProjectDetector","decl":{"start":{"line":12,"column":2},"end":{"line":14,"column":3}},"loc":{"start":{"line":12,"column":2},"end":{"line":14,"column":3}},"line":12},"2":{"name":"detectProjectType","decl":{"start":{"line":16,"column":2},"end":{"line":44,"column":3}},"loc":{"start":{"line":16,"column":2},"end":{"line":44,"column":3}},"line":16},"3":{"name":"detectAllProjectTypes","decl":{"start":{"line":46,"column":2},"end":{"line":60,"column":3}},"loc":{"start":{"line":46,"column":2},"end":{"line":60,"column":3}},"line":46},"4":{"name":"detectFrontendFrameworks","decl":{"start":{"line":62,"column":10},"end":{"line":94,"column":3}},"loc":{"start":{"line":62,"column":10},"end":{"line":94,"column":3}},"line":62},"5":{"name":"detectOtherLanguages","decl":{"start":{"line":96,"column":10},"end":{"line":108,"column":3}},"loc":{"start":{"line":96,"column":10},"end":{"line":108,"column":3}},"line":96},"6":{"name":"detectGeneralTypes","decl":{"start":{"line":110,"column":10},"end":{"line":122,"column":3}},"loc":{"start":{"line":110,"column":10},"end":{"line":122,"column":3}},"line":110},"7":{"name":"isReactProject","decl":{"start":{"line":125,"column":10},"end":{"line":131,"column":3}},"loc":{"start":{"line":125,"column":10},"end":{"line":131,"column":3}},"line":125},"8":{"name":"isNextProject","decl":{"start":{"line":133,"column":10},"end":{"line":139,"column":3}},"loc":{"start":{"line":133,"column":10},"end":{"line":139,"column":3}},"line":133},"9":{"name":"isNuxtProject","decl":{"start":{"line":141,"column":10},"end":{"line":147,"column":3}},"loc":{"start":{"line":141,"column":10},"end":{"line":147,"column":3}},"line":141},"10":{"name":"isSvelteProject","decl":{"start":{"line":149,"column":10},"end":{"line":155,"column":3}},"loc":{"start":{"line":149,"column":10},"end":{"line":155,"column":3}},"line":149},"11":{"name":"isAngularProject","decl":{"start":{"line":157,"column":10},"end":{"line":163,"column":3}},"loc":{"start":{"line":157,"column":10},"end":{"line":163,"column":3}},"line":157},"12":{"name":"isTypescriptProject","decl":{"start":{"line":165,"column":10},"end":{"line":171,"column":3}},"loc":{"start":{"line":165,"column":10},"end":{"line":171,"column":3}},"line":165},"13":{"name":"isJavascriptProject","decl":{"start":{"line":173,"column":10},"end":{"line":180,"column":3}},"loc":{"start":{"line":173,"column":10},"end":{"line":180,"column":3}},"line":173},"14":{"name":"isRustProject","decl":{"start":{"line":182,"column":10},"end":{"line":184,"column":3}},"loc":{"start":{"line":182,"column":10},"end":{"line":184,"column":3}},"line":182},"15":{"name":"isGoProject","decl":{"start":{"line":186,"column":10},"end":{"line":188,"column":3}},"loc":{"start":{"line":186,"column":10},"end":{"line":188,"column":3}},"line":186},"16":{"name":"isWebProject","decl":{"start":{"line":190,"column":10},"end":{"line":198,"column":3}},"loc":{"start":{"line":190,"column":10},"end":{"line":198,"column":3}},"line":190},"17":{"name":"isNodeProject","decl":{"start":{"line":200,"column":10},"end":{"line":207,"column":3}},"loc":{"start":{"line":200,"column":10},"end":{"line":207,"column":3}},"line":200},"18":{"name":"hasFile","decl":{"start":{"line":210,"column":10},"end":{"line":212,"column":3}},"loc":{"start":{"line":210,"column":10},"end":{"line":212,"column":3}},"line":210},"19":{"name":"hasDirectory","decl":{"start":{"line":214,"column":10},"end":{"line":217,"column":3}},"loc":{"start":{"line":214,"column":10},"end":{"line":217,"column":3}},"line":214},"20":{"name":"hasFiles","decl":{"start":{"line":219,"column":10},"end":{"line":227,"column":3}},"loc":{"start":{"line":219,"column":10},"end":{"line":227,"column":3}},"line":219},"21":{"name":"hasDependency","decl":{"start":{"line":229,"column":10},"end":{"line":231,"column":3}},"loc":{"start":{"line":229,"column":10},"end":{"line":231,"column":3}},"line":229},"22":{"name":"hasDevDependency","decl":{"start":{"line":233,"column":10},"end":{"line":235,"column":3}},"loc":{"start":{"line":233,"column":10},"end":{"line":235,"column":3}},"line":233},"23":{"name":"hasPackageJsonDependency","decl":{"start":{"line":237,"column":10},"end":{"line":247,"column":3}},"loc":{"start":{"line":237,"column":10},"end":{"line":247,"column":3}},"line":237}},"f":{"0":2,"1":2,"2":2,"3":2,"4":2,"5":2,"6":2,"7":2,"8":2,"9":2,"10":2,"11":2,"12":2,"13":2,"14":2,"15":2,"16":2,"17":2,"18":26,"19":4,"20":7,"21":10,"22":7,"23":17}}
,"/Users/soren-n/Documents/workspace/vibe/src/utils/ids.ts": {"path":"/Users/soren-n/Documents/workspace/vibe/src/utils/ids.ts","all":false,"statementMap":{"5":{"start":{"line":6,"column":0},"end":{"line":6,"column":48}},"8":{"start":{"line":9,"column":0},"end":{"line":9,"column":37}},"9":{"start":{"line":10,"column":0},"end":{"line":10,"column":37}},"12":{"start":{"line":13,"column":0},"end":{"line":13,"column":25}},"13":{"start":{"line":14,"column":0},"end":{"line":14,"column":67}},"14":{"start":{"line":15,"column":0},"end":{"line":15,"column":105}},"17":{"start":{"line":18,"column":0},"end":{"line":18,"column":88}},"18":{"start":{"line":19,"column":0},"end":{"line":19,"column":88}},"24":{"start":{"line":25,"column":0},"end":{"line":25,"column":45}},"25":{"start":{"line":26,"column":0},"end":{"line":26,"column":30}},"26":{"start":{"line":27,"column":0},"end":{"line":27,"column":1}},"31":{"start":{"line":32,"column":0},"end":{"line":32,"column":50}},"32":{"start":{"line":33,"column":0},"end":{"line":33,"column":29}},"33":{"start":{"line":34,"column":0},"end":{"line":34,"column":1}},"38":{"start":{"line":39,"column":0},"end":{"line":39,"column":53}},"39":{"start":{"line":40,"column":0},"end":{"line":40,"column":24}},"40":{"start":{"line":41,"column":0},"end":{"line":41,"column":1}},"45":{"start":{"line":46,"column":0},"end":{"line":46,"column":46}},"46":{"start":{"line":47,"column":0},"end":{"line":47,"column":61}},"47":{"start":{"line":48,"column":0},"end":{"line":48,"column":1}},"52":{"start":{"line":53,"column":0},"end":{"line":53,"column":77}},"53":{"start":{"line":54,"column":0},"end":{"line":54,"column":17}},"54":{"start":{"line":55,"column":0},"end":{"line":55,"column":61}},"55":{"start":{"line":56,"column":0},"end":{"line":56,"column":29}},"56":{"start":{"line":57,"column":0},"end":{"line":57,"column":3}},"57":{"start":{"line":58,"column":0},"end":{"line":58,"column":24}},"58":{"start":{"line":59,"column":0},"end":{"line":59,"column":1}},"63":{"start":{"line":64,"column":0},"end":{"line":64,"column":77}},"64":{"start":{"line":65,"column":0},"end":{"line":65,"column":43}},"65":{"start":{"line":66,"column":0},"end":{"line":66,"column":67}},"68":{"start":{"line":69,"column":0},"end":{"line":69,"column":37}},"69":{"start":{"line":70,"column":0},"end":{"line":70,"column":1}},"74":{"start":{"line":75,"column":0},"end":{"line":75,"column":47}},"75":{"start":{"line":76,"column":0},"end":{"line":76,"column":44}},"76":{"start":{"line":77,"column":0},"end":{"line":77,"column":31}},"77":{"start":{"line":78,"column":0},"end":{"line":78,"column":38}},"78":{"start":{"line":79,"column":0},"end":{"line":79,"column":1}},"83":{"start":{"line":84,"column":0},"end":{"line":84,"column":67}},"84":{"start":{"line":85,"column":0},"end":{"line":85,"column":30}},"85":{"start":{"line":86,"column":0},"end":{"line":86,"column":51}},"87":{"start":{"line":88,"column":0},"end":{"line":88,"column":7}},"88":{"start":{"line":89,"column":0},"end":{"line":89,"column":34}},"89":{"start":{"line":90,"column":0},"end":{"line":90,"column":11}},"90":{"start":{"line":91,"column":0},"end":{"line":91,"column":16}},"91":{"start":{"line":92,"column":0},"end":{"line":92,"column":3}},"92":{"start":{"line":93,"column":0},"end":{"line":93,"column":1}}},"s":{"5":1,"8":1,"9":1,"12":1,"13":1,"14":1,"17":1,"18":1,"24":1,"25":161,"26":161,"31":1,"32":0,"33":0,"38":1,"39":0,"40":0,"45":1,"46":0,"47":0,"52":1,"53":0,"54":0,"55":0,"56":0,"57":0,"58":0,"63":1,"64":0,"65":0,"68":0,"69":0,"74":1,"75":0,"76":0,"77":0,"78":0,"83":1,"84":0,"85":0,"87":0,"88":0,"89":0,"90":0,"91":0,"92":0},"branchMap":{"0":{"type":"branch","line":25,"loc":{"start":{"line":25,"column":7},"end":{"line":27,"column":1}},"locations":[{"start":{"line":25,"column":7},"end":{"line":27,"column":1}}]}},"b":{"0":[161]},"fnMap":{"0":{"name":"generateSessionId","decl":{"start":{"line":25,"column":7},"end":{"line":27,"column":1}},"loc":{"start":{"line":25,"column":7},"end":{"line":27,"column":1}},"line":25},"1":{"name":"generateWorkflowStepId","decl":{"start":{"line":32,"column":7},"end":{"line":34,"column":1}},"loc":{"start":{"line":32,"column":7},"end":{"line":34,"column":1}},"line":32},"2":{"name":"generateShortId","decl":{"start":{"line":39,"column":7},"end":{"line":41,"column":1}},"loc":{"start":{"line":39,"column":7},"end":{"line":41,"column":1}},"line":39},"3":{"name":"generateUuidLikeId","decl":{"start":{"line":46,"column":7},"end":{"line":48,"column":1}},"loc":{"start":{"line":46,"column":7},"end":{"line":48,"column":1}},"line":46},"4":{"name":"generateCustomId","decl":{"start":{"line":53,"column":7},"end":{"line":59,"column":1}},"loc":{"start":{"line":53,"column":7},"end":{"line":59,"column":1}},"line":53},"5":{"name":"isValidNanoId","decl":{"start":{"line":64,"column":7},"end":{"line":70,"column":1}},"loc":{"start":{"line":64,"column":7},"end":{"line":70,"column":1}},"line":64},"6":{"name":"generateTimestampId","decl":{"start":{"line":75,"column":7},"end":{"line":79,"column":1}},"loc":{"start":{"line":75,"column":7},"end":{"line":79,"column":1}},"line":75},"7":{"name":"extractTimestampFromId","decl":{"start":{"line":84,"column":7},"end":{"line":93,"column":1}},"loc":{"start":{"line":84,"column":7},"end":{"line":93,"column":1}},"line":84}},"f":{"0":161,"1":0,"2":0,"3":0,"4":0,"5":0,"6":0,"7":0}}
}
